2024-03-10 12:19:12,471 [Worker-4: Loading available Gradle versions] INFO  o.e.b.c.i.u.g.PublishedGradleVersions - Gradle version information cache is up-to-date. Trying to read.
2024-03-10 12:36:23,890 [Worker-16: Launching mavenrun-f888abfe-10d9-46f2-a3a5-c55a1759bc11] INFO  o.eclipse.m2e.core.internal.Bundles - getClasspathEntries(Bundle=org.eclipse.m2e.maven.runtime_3.9.500.20231113-2345 [629])
2024-03-10 12:36:23,910 [Worker-16: Launching mavenrun-f888abfe-10d9-46f2-a3a5-c55a1759bc11] INFO  o.eclipse.m2e.core.internal.Bundles - 	Entry: C:\Program Files\eclipse\plugins\org.eclipse.m2e.maven.runtime_3.9.500.20231113-2345
2024-03-10 12:36:23,911 [Worker-16: Launching mavenrun-f888abfe-10d9-46f2-a3a5-c55a1759bc11] INFO  o.eclipse.m2e.core.internal.Bundles - 	Entry: C:\Program Files\eclipse\plugins\org.eclipse.m2e.maven.runtime_3.9.500.20231113-2345\jars\aopalliance-1.0.jar
2024-03-10 12:36:23,912 [Worker-16: Launching mavenrun-f888abfe-10d9-46f2-a3a5-c55a1759bc11] INFO  o.eclipse.m2e.core.internal.Bundles - 	Entry: C:\Program Files\eclipse\plugins\org.eclipse.m2e.maven.runtime_3.9.500.20231113-2345\jars\guice-5.1.0.jar
2024-03-10 12:36:23,913 [Worker-16: Launching mavenrun-f888abfe-10d9-46f2-a3a5-c55a1759bc11] INFO  o.eclipse.m2e.core.internal.Bundles - 	Entry: C:\Program Files\eclipse\plugins\org.eclipse.m2e.maven.runtime_3.9.500.20231113-2345\jars\httpclient-4.5.14.jar
2024-03-10 12:36:23,914 [Worker-16: Launching mavenrun-f888abfe-10d9-46f2-a3a5-c55a1759bc11] INFO  o.eclipse.m2e.core.internal.Bundles - 	Entry: C:\Program Files\eclipse\plugins\org.eclipse.m2e.maven.runtime_3.9.500.20231113-2345\jars\httpcore-4.4.16.jar
2024-03-10 12:36:23,915 [Worker-16: Launching mavenrun-f888abfe-10d9-46f2-a3a5-c55a1759bc11] INFO  o.eclipse.m2e.core.internal.Bundles - 	Entry: C:\Program Files\eclipse\plugins\org.eclipse.m2e.maven.runtime_3.9.500.20231113-2345\jars\jansi-2.4.0.jar
2024-03-10 12:36:23,915 [Worker-16: Launching mavenrun-f888abfe-10d9-46f2-a3a5-c55a1759bc11] INFO  o.eclipse.m2e.core.internal.Bundles - 	Entry: C:\Program Files\eclipse\plugins\org.eclipse.m2e.maven.runtime_3.9.500.20231113-2345\jars\jcl-over-slf4j-1.7.36.jar
2024-03-10 12:36:23,916 [Worker-16: Launching mavenrun-f888abfe-10d9-46f2-a3a5-c55a1759bc11] INFO  o.eclipse.m2e.core.internal.Bundles - 	Entry: C:\Program Files\eclipse\plugins\org.eclipse.m2e.maven.runtime_3.9.500.20231113-2345\jars\maven-artifact-3.9.5.jar
2024-03-10 12:36:23,917 [Worker-16: Launching mavenrun-f888abfe-10d9-46f2-a3a5-c55a1759bc11] INFO  o.eclipse.m2e.core.internal.Bundles - 	Entry: C:\Program Files\eclipse\plugins\org.eclipse.m2e.maven.runtime_3.9.500.20231113-2345\jars\maven-builder-support-3.9.5.jar
2024-03-10 12:36:23,918 [Worker-16: Launching mavenrun-f888abfe-10d9-46f2-a3a5-c55a1759bc11] INFO  o.eclipse.m2e.core.internal.Bundles - 	Entry: C:\Program Files\eclipse\plugins\org.eclipse.m2e.maven.runtime_3.9.500.20231113-2345\jars\maven-compat-3.9.5.jar
2024-03-10 12:36:23,918 [Worker-16: Launching mavenrun-f888abfe-10d9-46f2-a3a5-c55a1759bc11] INFO  o.eclipse.m2e.core.internal.Bundles - 	Entry: C:\Program Files\eclipse\plugins\org.eclipse.m2e.maven.runtime_3.9.500.20231113-2345\jars\maven-core-3.9.5.jar
2024-03-10 12:36:23,919 [Worker-16: Launching mavenrun-f888abfe-10d9-46f2-a3a5-c55a1759bc11] INFO  o.eclipse.m2e.core.internal.Bundles - 	Entry: C:\Program Files\eclipse\plugins\org.eclipse.m2e.maven.runtime_3.9.500.20231113-2345\jars\maven-embedder-3.9.5.jar
2024-03-10 12:36:23,919 [Worker-16: Launching mavenrun-f888abfe-10d9-46f2-a3a5-c55a1759bc11] INFO  o.eclipse.m2e.core.internal.Bundles - 	Entry: C:\Program Files\eclipse\plugins\org.eclipse.m2e.maven.runtime_3.9.500.20231113-2345\jars\maven-model-3.9.5.jar
2024-03-10 12:36:23,919 [Worker-16: Launching mavenrun-f888abfe-10d9-46f2-a3a5-c55a1759bc11] INFO  o.eclipse.m2e.core.internal.Bundles - 	Entry: C:\Program Files\eclipse\plugins\org.eclipse.m2e.maven.runtime_3.9.500.20231113-2345\jars\maven-model-builder-3.9.5.jar
2024-03-10 12:36:23,920 [Worker-16: Launching mavenrun-f888abfe-10d9-46f2-a3a5-c55a1759bc11] INFO  o.eclipse.m2e.core.internal.Bundles - 	Entry: C:\Program Files\eclipse\plugins\org.eclipse.m2e.maven.runtime_3.9.500.20231113-2345\jars\maven-plugin-api-3.9.5.jar
2024-03-10 12:36:23,921 [Worker-16: Launching mavenrun-f888abfe-10d9-46f2-a3a5-c55a1759bc11] INFO  o.eclipse.m2e.core.internal.Bundles - 	Entry: C:\Program Files\eclipse\plugins\org.eclipse.m2e.maven.runtime_3.9.500.20231113-2345\jars\maven-repository-metadata-3.9.5.jar
2024-03-10 12:36:23,922 [Worker-16: Launching mavenrun-f888abfe-10d9-46f2-a3a5-c55a1759bc11] INFO  o.eclipse.m2e.core.internal.Bundles - 	Entry: C:\Program Files\eclipse\plugins\org.eclipse.m2e.maven.runtime_3.9.500.20231113-2345\jars\maven-resolver-api-1.9.16.jar
2024-03-10 12:36:23,923 [Worker-16: Launching mavenrun-f888abfe-10d9-46f2-a3a5-c55a1759bc11] INFO  o.eclipse.m2e.core.internal.Bundles - 	Entry: C:\Program Files\eclipse\plugins\org.eclipse.m2e.maven.runtime_3.9.500.20231113-2345\jars\maven-resolver-connector-basic-1.9.16.jar
2024-03-10 12:36:23,924 [Worker-16: Launching mavenrun-f888abfe-10d9-46f2-a3a5-c55a1759bc11] INFO  o.eclipse.m2e.core.internal.Bundles - 	Entry: C:\Program Files\eclipse\plugins\org.eclipse.m2e.maven.runtime_3.9.500.20231113-2345\jars\maven-resolver-impl-1.9.16.jar
2024-03-10 12:36:23,924 [Worker-16: Launching mavenrun-f888abfe-10d9-46f2-a3a5-c55a1759bc11] INFO  o.eclipse.m2e.core.internal.Bundles - 	Entry: C:\Program Files\eclipse\plugins\org.eclipse.m2e.maven.runtime_3.9.500.20231113-2345\jars\maven-resolver-named-locks-1.9.16.jar
2024-03-10 12:36:23,925 [Worker-16: Launching mavenrun-f888abfe-10d9-46f2-a3a5-c55a1759bc11] INFO  o.eclipse.m2e.core.internal.Bundles - 	Entry: C:\Program Files\eclipse\plugins\org.eclipse.m2e.maven.runtime_3.9.500.20231113-2345\jars\maven-resolver-provider-3.9.5.jar
2024-03-10 12:36:23,925 [Worker-16: Launching mavenrun-f888abfe-10d9-46f2-a3a5-c55a1759bc11] INFO  o.eclipse.m2e.core.internal.Bundles - 	Entry: C:\Program Files\eclipse\plugins\org.eclipse.m2e.maven.runtime_3.9.500.20231113-2345\jars\maven-resolver-spi-1.9.16.jar
2024-03-10 12:36:23,926 [Worker-16: Launching mavenrun-f888abfe-10d9-46f2-a3a5-c55a1759bc11] INFO  o.eclipse.m2e.core.internal.Bundles - 	Entry: C:\Program Files\eclipse\plugins\org.eclipse.m2e.maven.runtime_3.9.500.20231113-2345\jars\maven-resolver-transport-file-1.9.16.jar
2024-03-10 12:36:23,926 [Worker-16: Launching mavenrun-f888abfe-10d9-46f2-a3a5-c55a1759bc11] INFO  o.eclipse.m2e.core.internal.Bundles - 	Entry: C:\Program Files\eclipse\plugins\org.eclipse.m2e.maven.runtime_3.9.500.20231113-2345\jars\maven-resolver-transport-http-1.9.16.jar
2024-03-10 12:36:23,927 [Worker-16: Launching mavenrun-f888abfe-10d9-46f2-a3a5-c55a1759bc11] INFO  o.eclipse.m2e.core.internal.Bundles - 	Entry: C:\Program Files\eclipse\plugins\org.eclipse.m2e.maven.runtime_3.9.500.20231113-2345\jars\maven-resolver-transport-wagon-1.9.16.jar
2024-03-10 12:36:23,928 [Worker-16: Launching mavenrun-f888abfe-10d9-46f2-a3a5-c55a1759bc11] INFO  o.eclipse.m2e.core.internal.Bundles - 	Entry: C:\Program Files\eclipse\plugins\org.eclipse.m2e.maven.runtime_3.9.500.20231113-2345\jars\maven-resolver-util-1.9.16.jar
2024-03-10 12:36:23,928 [Worker-16: Launching mavenrun-f888abfe-10d9-46f2-a3a5-c55a1759bc11] INFO  o.eclipse.m2e.core.internal.Bundles - 	Entry: C:\Program Files\eclipse\plugins\org.eclipse.m2e.maven.runtime_3.9.500.20231113-2345\jars\maven-settings-3.9.5.jar
2024-03-10 12:36:23,929 [Worker-16: Launching mavenrun-f888abfe-10d9-46f2-a3a5-c55a1759bc11] INFO  o.eclipse.m2e.core.internal.Bundles - 	Entry: C:\Program Files\eclipse\plugins\org.eclipse.m2e.maven.runtime_3.9.500.20231113-2345\jars\maven-settings-builder-3.9.5.jar
2024-03-10 12:36:23,929 [Worker-16: Launching mavenrun-f888abfe-10d9-46f2-a3a5-c55a1759bc11] INFO  o.eclipse.m2e.core.internal.Bundles - 	Entry: C:\Program Files\eclipse\plugins\org.eclipse.m2e.maven.runtime_3.9.500.20231113-2345\jars\maven-shared-utils-3.3.4.jar
2024-03-10 12:36:23,930 [Worker-16: Launching mavenrun-f888abfe-10d9-46f2-a3a5-c55a1759bc11] INFO  o.eclipse.m2e.core.internal.Bundles - 	Entry: C:\Program Files\eclipse\plugins\org.eclipse.m2e.maven.runtime_3.9.500.20231113-2345\jars\org.eclipse.sisu.inject-0.3.5.jar
2024-03-10 12:36:23,932 [Worker-16: Launching mavenrun-f888abfe-10d9-46f2-a3a5-c55a1759bc11] INFO  o.eclipse.m2e.core.internal.Bundles - 	Entry: C:\Program Files\eclipse\plugins\org.eclipse.m2e.maven.runtime_3.9.500.20231113-2345\jars\org.eclipse.sisu.plexus-0.3.5.jar
2024-03-10 12:36:23,932 [Worker-16: Launching mavenrun-f888abfe-10d9-46f2-a3a5-c55a1759bc11] INFO  o.eclipse.m2e.core.internal.Bundles - 	Entry: C:\Program Files\eclipse\plugins\org.eclipse.m2e.maven.runtime_3.9.500.20231113-2345\jars\plexus-build-api-0.0.7.jar
2024-03-10 12:36:23,934 [Worker-16: Launching mavenrun-f888abfe-10d9-46f2-a3a5-c55a1759bc11] INFO  o.eclipse.m2e.core.internal.Bundles - 	Entry: C:\Program Files\eclipse\plugins\org.eclipse.m2e.maven.runtime_3.9.500.20231113-2345\jars\plexus-cipher-2.0.jar
2024-03-10 12:36:23,934 [Worker-16: Launching mavenrun-f888abfe-10d9-46f2-a3a5-c55a1759bc11] INFO  o.eclipse.m2e.core.internal.Bundles - 	Entry: C:\Program Files\eclipse\plugins\org.eclipse.m2e.maven.runtime_3.9.500.20231113-2345\jars\plexus-classworlds-2.7.0.jar
2024-03-10 12:36:23,935 [Worker-16: Launching mavenrun-f888abfe-10d9-46f2-a3a5-c55a1759bc11] INFO  o.eclipse.m2e.core.internal.Bundles - 	Entry: C:\Program Files\eclipse\plugins\org.eclipse.m2e.maven.runtime_3.9.500.20231113-2345\jars\plexus-component-annotations-2.1.0.jar
2024-03-10 12:36:23,937 [Worker-16: Launching mavenrun-f888abfe-10d9-46f2-a3a5-c55a1759bc11] INFO  o.eclipse.m2e.core.internal.Bundles - 	Entry: C:\Program Files\eclipse\plugins\org.eclipse.m2e.maven.runtime_3.9.500.20231113-2345\jars\plexus-interpolation-1.26.jar
2024-03-10 12:36:23,937 [Worker-16: Launching mavenrun-f888abfe-10d9-46f2-a3a5-c55a1759bc11] INFO  o.eclipse.m2e.core.internal.Bundles - 	Entry: C:\Program Files\eclipse\plugins\org.eclipse.m2e.maven.runtime_3.9.500.20231113-2345\jars\plexus-sec-dispatcher-2.0.jar
2024-03-10 12:36:23,939 [Worker-16: Launching mavenrun-f888abfe-10d9-46f2-a3a5-c55a1759bc11] INFO  o.eclipse.m2e.core.internal.Bundles - 	Entry: C:\Program Files\eclipse\plugins\org.eclipse.m2e.maven.runtime_3.9.500.20231113-2345\jars\plexus-utils-3.5.1.jar
2024-03-10 12:36:23,940 [Worker-16: Launching mavenrun-f888abfe-10d9-46f2-a3a5-c55a1759bc11] INFO  o.eclipse.m2e.core.internal.Bundles - 	Entry: C:\Program Files\eclipse\plugins\org.eclipse.m2e.maven.runtime_3.9.500.20231113-2345\jars\wagon-file-3.5.3.jar
2024-03-10 12:36:23,941 [Worker-16: Launching mavenrun-f888abfe-10d9-46f2-a3a5-c55a1759bc11] INFO  o.eclipse.m2e.core.internal.Bundles - 	Entry: C:\Program Files\eclipse\plugins\org.eclipse.m2e.maven.runtime_3.9.500.20231113-2345\jars\wagon-http-3.5.3.jar
2024-03-10 12:36:23,942 [Worker-16: Launching mavenrun-f888abfe-10d9-46f2-a3a5-c55a1759bc11] INFO  o.eclipse.m2e.core.internal.Bundles - 	Entry: C:\Program Files\eclipse\plugins\org.eclipse.m2e.maven.runtime_3.9.500.20231113-2345\jars\wagon-http-shared-3.5.3.jar
2024-03-10 12:36:23,943 [Worker-16: Launching mavenrun-f888abfe-10d9-46f2-a3a5-c55a1759bc11] INFO  o.eclipse.m2e.core.internal.Bundles - 	Entry: C:\Program Files\eclipse\plugins\org.eclipse.m2e.maven.runtime_3.9.500.20231113-2345\jars\wagon-provider-api-3.5.3.jar
2024-03-10 12:36:23,948 [Worker-16: Launching mavenrun-f888abfe-10d9-46f2-a3a5-c55a1759bc11] INFO  o.eclipse.m2e.core.internal.Bundles - getClasspathEntries(Bundle=com.google.guava_32.1.3.jre [12])
2024-03-10 12:36:23,950 [Worker-16: Launching mavenrun-f888abfe-10d9-46f2-a3a5-c55a1759bc11] INFO  o.eclipse.m2e.core.internal.Bundles - 	Entry: C:\Program Files\eclipse\plugins\com.google.guava_32.1.3.jre.jar
2024-03-10 12:36:23,950 [Worker-16: Launching mavenrun-f888abfe-10d9-46f2-a3a5-c55a1759bc11] INFO  o.eclipse.m2e.core.internal.Bundles - getClasspathEntries(Bundle=slf4j.api_2.0.9 [989])
2024-03-10 12:36:23,951 [Worker-16: Launching mavenrun-f888abfe-10d9-46f2-a3a5-c55a1759bc11] INFO  o.eclipse.m2e.core.internal.Bundles - 	Entry: C:\Program Files\eclipse\plugins\slf4j.api_2.0.9.jar
2024-03-10 12:36:23,951 [Worker-16: Launching mavenrun-f888abfe-10d9-46f2-a3a5-c55a1759bc11] INFO  o.eclipse.m2e.core.internal.Bundles - getClasspathEntries(Bundle=jakarta.inject.jakarta.inject-api_1.0.5 [29])
2024-03-10 12:36:23,953 [Worker-16: Launching mavenrun-f888abfe-10d9-46f2-a3a5-c55a1759bc11] INFO  o.eclipse.m2e.core.internal.Bundles - 	Entry: C:\Program Files\eclipse\plugins\jakarta.inject.jakarta.inject-api_1.0.5.jar
2024-03-10 12:36:23,953 [Worker-16: Launching mavenrun-f888abfe-10d9-46f2-a3a5-c55a1759bc11] INFO  o.eclipse.m2e.core.internal.Bundles - getClasspathEntries(Bundle=jakarta.annotation-api_1.3.5 [24])
2024-03-10 12:36:23,954 [Worker-16: Launching mavenrun-f888abfe-10d9-46f2-a3a5-c55a1759bc11] INFO  o.eclipse.m2e.core.internal.Bundles - 	Entry: C:\Program Files\eclipse\plugins\jakarta.annotation-api_1.3.5.jar
2024-03-10 12:36:23,955 [Worker-16: Launching mavenrun-f888abfe-10d9-46f2-a3a5-c55a1759bc11] INFO  o.eclipse.m2e.core.internal.Bundles - getClasspathEntries(Bundle=org.apache.commons.cli_1.6.0 [71])
2024-03-10 12:36:23,955 [Worker-16: Launching mavenrun-f888abfe-10d9-46f2-a3a5-c55a1759bc11] INFO  o.eclipse.m2e.core.internal.Bundles - 	Entry: C:\Program Files\eclipse\plugins\org.apache.commons.cli_1.6.0.jar
2024-03-10 12:36:23,955 [Worker-16: Launching mavenrun-f888abfe-10d9-46f2-a3a5-c55a1759bc11] INFO  o.eclipse.m2e.core.internal.Bundles - getClasspathEntries(Bundle=org.apache.commons.commons-codec_1.16.0 [75])
2024-03-10 12:36:23,956 [Worker-16: Launching mavenrun-f888abfe-10d9-46f2-a3a5-c55a1759bc11] INFO  o.eclipse.m2e.core.internal.Bundles - 	Entry: C:\Program Files\eclipse\plugins\org.apache.commons.commons-codec_1.16.0.jar
2024-03-10 12:36:23,956 [Worker-16: Launching mavenrun-f888abfe-10d9-46f2-a3a5-c55a1759bc11] INFO  o.eclipse.m2e.core.internal.Bundles - getClasspathEntries(Bundle=org.apache.commons.lang3_3.13.0 [82])
2024-03-10 12:36:23,958 [Worker-16: Launching mavenrun-f888abfe-10d9-46f2-a3a5-c55a1759bc11] INFO  o.eclipse.m2e.core.internal.Bundles - 	Entry: C:\Program Files\eclipse\plugins\org.apache.commons.lang3_3.13.0.jar
2024-03-10 12:36:23,958 [Worker-16: Launching mavenrun-f888abfe-10d9-46f2-a3a5-c55a1759bc11] INFO  o.eclipse.m2e.core.internal.Bundles - getClasspathEntries(Bundle=com.google.guava.failureaccess_1.0.2 [13])
2024-03-10 12:36:23,959 [Worker-16: Launching mavenrun-f888abfe-10d9-46f2-a3a5-c55a1759bc11] INFO  o.eclipse.m2e.core.internal.Bundles - 	Entry: C:\Program Files\eclipse\plugins\com.google.guava.failureaccess_1.0.2.jar
2024-03-10 12:36:23,983 [Worker-16: Launching mavenrun-f888abfe-10d9-46f2-a3a5-c55a1759bc11] INFO  o.e.m.i.launch.MavenLaunchDelegate - Run build in "C:\Users\JANNES~1\AppData\Local\Temp\m2e-archetypeGenerator11182593911453551025":
2024-03-10 12:36:24,035 [Worker-16: Launching mavenrun-f888abfe-10d9-46f2-a3a5-c55a1759bc11] INFO  o.e.m.i.launch.MavenLaunchDelegate -  mvn  -DarchetypeGroupId=org.apache.maven.archetypes -DarchetypeArtifactId=maven-archetype-quickstart -DarchetypeVersion=1.1 -DgroupId=com.jannesh -DartifactId=SpringDemo -Dversion=0.0.1-SNAPSHOT -Dpackage=com.jannesh.SpringDemo -DoutputDirectory="C:\Users\Jannesh Rao\Eclipse-MavenSpring" -Dstyle.color=always -U archetype:generate
2024-03-10 12:39:39,576 [Worker-0: Loading available Gradle versions] INFO  o.e.b.c.i.u.g.PublishedGradleVersions - Gradle version information cache is up-to-date. Trying to read.
2024-03-10 12:40:22,251 [Worker-2: Launching mavenrun-2f022a2e-dca3-49a6-9dc6-941e7b0e2f94] INFO  o.eclipse.m2e.core.internal.Bundles - getClasspathEntries(Bundle=org.eclipse.m2e.maven.runtime_3.9.500.20231113-2345 [629])
2024-03-10 12:40:22,274 [Worker-2: Launching mavenrun-2f022a2e-dca3-49a6-9dc6-941e7b0e2f94] INFO  o.eclipse.m2e.core.internal.Bundles - 	Entry: C:\Program Files\eclipse\plugins\org.eclipse.m2e.maven.runtime_3.9.500.20231113-2345
2024-03-10 12:40:22,276 [Worker-2: Launching mavenrun-2f022a2e-dca3-49a6-9dc6-941e7b0e2f94] INFO  o.eclipse.m2e.core.internal.Bundles - 	Entry: C:\Program Files\eclipse\plugins\org.eclipse.m2e.maven.runtime_3.9.500.20231113-2345\jars\aopalliance-1.0.jar
2024-03-10 12:40:22,277 [Worker-2: Launching mavenrun-2f022a2e-dca3-49a6-9dc6-941e7b0e2f94] INFO  o.eclipse.m2e.core.internal.Bundles - 	Entry: C:\Program Files\eclipse\plugins\org.eclipse.m2e.maven.runtime_3.9.500.20231113-2345\jars\guice-5.1.0.jar
2024-03-10 12:40:22,290 [Worker-2: Launching mavenrun-2f022a2e-dca3-49a6-9dc6-941e7b0e2f94] INFO  o.eclipse.m2e.core.internal.Bundles - 	Entry: C:\Program Files\eclipse\plugins\org.eclipse.m2e.maven.runtime_3.9.500.20231113-2345\jars\httpclient-4.5.14.jar
2024-03-10 12:40:22,293 [Worker-2: Launching mavenrun-2f022a2e-dca3-49a6-9dc6-941e7b0e2f94] INFO  o.eclipse.m2e.core.internal.Bundles - 	Entry: C:\Program Files\eclipse\plugins\org.eclipse.m2e.maven.runtime_3.9.500.20231113-2345\jars\httpcore-4.4.16.jar
2024-03-10 12:40:22,293 [Worker-2: Launching mavenrun-2f022a2e-dca3-49a6-9dc6-941e7b0e2f94] INFO  o.eclipse.m2e.core.internal.Bundles - 	Entry: C:\Program Files\eclipse\plugins\org.eclipse.m2e.maven.runtime_3.9.500.20231113-2345\jars\jansi-2.4.0.jar
2024-03-10 12:40:22,294 [Worker-2: Launching mavenrun-2f022a2e-dca3-49a6-9dc6-941e7b0e2f94] INFO  o.eclipse.m2e.core.internal.Bundles - 	Entry: C:\Program Files\eclipse\plugins\org.eclipse.m2e.maven.runtime_3.9.500.20231113-2345\jars\jcl-over-slf4j-1.7.36.jar
2024-03-10 12:40:22,294 [Worker-2: Launching mavenrun-2f022a2e-dca3-49a6-9dc6-941e7b0e2f94] INFO  o.eclipse.m2e.core.internal.Bundles - 	Entry: C:\Program Files\eclipse\plugins\org.eclipse.m2e.maven.runtime_3.9.500.20231113-2345\jars\maven-artifact-3.9.5.jar
2024-03-10 12:40:22,295 [Worker-2: Launching mavenrun-2f022a2e-dca3-49a6-9dc6-941e7b0e2f94] INFO  o.eclipse.m2e.core.internal.Bundles - 	Entry: C:\Program Files\eclipse\plugins\org.eclipse.m2e.maven.runtime_3.9.500.20231113-2345\jars\maven-builder-support-3.9.5.jar
2024-03-10 12:40:22,296 [Worker-2: Launching mavenrun-2f022a2e-dca3-49a6-9dc6-941e7b0e2f94] INFO  o.eclipse.m2e.core.internal.Bundles - 	Entry: C:\Program Files\eclipse\plugins\org.eclipse.m2e.maven.runtime_3.9.500.20231113-2345\jars\maven-compat-3.9.5.jar
2024-03-10 12:40:22,297 [Worker-2: Launching mavenrun-2f022a2e-dca3-49a6-9dc6-941e7b0e2f94] INFO  o.eclipse.m2e.core.internal.Bundles - 	Entry: C:\Program Files\eclipse\plugins\org.eclipse.m2e.maven.runtime_3.9.500.20231113-2345\jars\maven-core-3.9.5.jar
2024-03-10 12:40:22,298 [Worker-2: Launching mavenrun-2f022a2e-dca3-49a6-9dc6-941e7b0e2f94] INFO  o.eclipse.m2e.core.internal.Bundles - 	Entry: C:\Program Files\eclipse\plugins\org.eclipse.m2e.maven.runtime_3.9.500.20231113-2345\jars\maven-embedder-3.9.5.jar
2024-03-10 12:40:22,298 [Worker-2: Launching mavenrun-2f022a2e-dca3-49a6-9dc6-941e7b0e2f94] INFO  o.eclipse.m2e.core.internal.Bundles - 	Entry: C:\Program Files\eclipse\plugins\org.eclipse.m2e.maven.runtime_3.9.500.20231113-2345\jars\maven-model-3.9.5.jar
2024-03-10 12:40:22,298 [Worker-2: Launching mavenrun-2f022a2e-dca3-49a6-9dc6-941e7b0e2f94] INFO  o.eclipse.m2e.core.internal.Bundles - 	Entry: C:\Program Files\eclipse\plugins\org.eclipse.m2e.maven.runtime_3.9.500.20231113-2345\jars\maven-model-builder-3.9.5.jar
2024-03-10 12:40:22,299 [Worker-2: Launching mavenrun-2f022a2e-dca3-49a6-9dc6-941e7b0e2f94] INFO  o.eclipse.m2e.core.internal.Bundles - 	Entry: C:\Program Files\eclipse\plugins\org.eclipse.m2e.maven.runtime_3.9.500.20231113-2345\jars\maven-plugin-api-3.9.5.jar
2024-03-10 12:40:22,299 [Worker-2: Launching mavenrun-2f022a2e-dca3-49a6-9dc6-941e7b0e2f94] INFO  o.eclipse.m2e.core.internal.Bundles - 	Entry: C:\Program Files\eclipse\plugins\org.eclipse.m2e.maven.runtime_3.9.500.20231113-2345\jars\maven-repository-metadata-3.9.5.jar
2024-03-10 12:40:22,300 [Worker-2: Launching mavenrun-2f022a2e-dca3-49a6-9dc6-941e7b0e2f94] INFO  o.eclipse.m2e.core.internal.Bundles - 	Entry: C:\Program Files\eclipse\plugins\org.eclipse.m2e.maven.runtime_3.9.500.20231113-2345\jars\maven-resolver-api-1.9.16.jar
2024-03-10 12:40:22,301 [Worker-2: Launching mavenrun-2f022a2e-dca3-49a6-9dc6-941e7b0e2f94] INFO  o.eclipse.m2e.core.internal.Bundles - 	Entry: C:\Program Files\eclipse\plugins\org.eclipse.m2e.maven.runtime_3.9.500.20231113-2345\jars\maven-resolver-connector-basic-1.9.16.jar
2024-03-10 12:40:22,301 [Worker-2: Launching mavenrun-2f022a2e-dca3-49a6-9dc6-941e7b0e2f94] INFO  o.eclipse.m2e.core.internal.Bundles - 	Entry: C:\Program Files\eclipse\plugins\org.eclipse.m2e.maven.runtime_3.9.500.20231113-2345\jars\maven-resolver-impl-1.9.16.jar
2024-03-10 12:40:22,302 [Worker-2: Launching mavenrun-2f022a2e-dca3-49a6-9dc6-941e7b0e2f94] INFO  o.eclipse.m2e.core.internal.Bundles - 	Entry: C:\Program Files\eclipse\plugins\org.eclipse.m2e.maven.runtime_3.9.500.20231113-2345\jars\maven-resolver-named-locks-1.9.16.jar
2024-03-10 12:40:22,303 [Worker-2: Launching mavenrun-2f022a2e-dca3-49a6-9dc6-941e7b0e2f94] INFO  o.eclipse.m2e.core.internal.Bundles - 	Entry: C:\Program Files\eclipse\plugins\org.eclipse.m2e.maven.runtime_3.9.500.20231113-2345\jars\maven-resolver-provider-3.9.5.jar
2024-03-10 12:40:22,304 [Worker-2: Launching mavenrun-2f022a2e-dca3-49a6-9dc6-941e7b0e2f94] INFO  o.eclipse.m2e.core.internal.Bundles - 	Entry: C:\Program Files\eclipse\plugins\org.eclipse.m2e.maven.runtime_3.9.500.20231113-2345\jars\maven-resolver-spi-1.9.16.jar
2024-03-10 12:40:22,305 [Worker-2: Launching mavenrun-2f022a2e-dca3-49a6-9dc6-941e7b0e2f94] INFO  o.eclipse.m2e.core.internal.Bundles - 	Entry: C:\Program Files\eclipse\plugins\org.eclipse.m2e.maven.runtime_3.9.500.20231113-2345\jars\maven-resolver-transport-file-1.9.16.jar
2024-03-10 12:40:22,306 [Worker-2: Launching mavenrun-2f022a2e-dca3-49a6-9dc6-941e7b0e2f94] INFO  o.eclipse.m2e.core.internal.Bundles - 	Entry: C:\Program Files\eclipse\plugins\org.eclipse.m2e.maven.runtime_3.9.500.20231113-2345\jars\maven-resolver-transport-http-1.9.16.jar
2024-03-10 12:40:22,306 [Worker-2: Launching mavenrun-2f022a2e-dca3-49a6-9dc6-941e7b0e2f94] INFO  o.eclipse.m2e.core.internal.Bundles - 	Entry: C:\Program Files\eclipse\plugins\org.eclipse.m2e.maven.runtime_3.9.500.20231113-2345\jars\maven-resolver-transport-wagon-1.9.16.jar
2024-03-10 12:40:22,307 [Worker-2: Launching mavenrun-2f022a2e-dca3-49a6-9dc6-941e7b0e2f94] INFO  o.eclipse.m2e.core.internal.Bundles - 	Entry: C:\Program Files\eclipse\plugins\org.eclipse.m2e.maven.runtime_3.9.500.20231113-2345\jars\maven-resolver-util-1.9.16.jar
2024-03-10 12:40:22,308 [Worker-2: Launching mavenrun-2f022a2e-dca3-49a6-9dc6-941e7b0e2f94] INFO  o.eclipse.m2e.core.internal.Bundles - 	Entry: C:\Program Files\eclipse\plugins\org.eclipse.m2e.maven.runtime_3.9.500.20231113-2345\jars\maven-settings-3.9.5.jar
2024-03-10 12:40:22,308 [Worker-2: Launching mavenrun-2f022a2e-dca3-49a6-9dc6-941e7b0e2f94] INFO  o.eclipse.m2e.core.internal.Bundles - 	Entry: C:\Program Files\eclipse\plugins\org.eclipse.m2e.maven.runtime_3.9.500.20231113-2345\jars\maven-settings-builder-3.9.5.jar
2024-03-10 12:40:22,309 [Worker-2: Launching mavenrun-2f022a2e-dca3-49a6-9dc6-941e7b0e2f94] INFO  o.eclipse.m2e.core.internal.Bundles - 	Entry: C:\Program Files\eclipse\plugins\org.eclipse.m2e.maven.runtime_3.9.500.20231113-2345\jars\maven-shared-utils-3.3.4.jar
2024-03-10 12:40:22,310 [Worker-2: Launching mavenrun-2f022a2e-dca3-49a6-9dc6-941e7b0e2f94] INFO  o.eclipse.m2e.core.internal.Bundles - 	Entry: C:\Program Files\eclipse\plugins\org.eclipse.m2e.maven.runtime_3.9.500.20231113-2345\jars\org.eclipse.sisu.inject-0.3.5.jar
2024-03-10 12:40:22,310 [Worker-2: Launching mavenrun-2f022a2e-dca3-49a6-9dc6-941e7b0e2f94] INFO  o.eclipse.m2e.core.internal.Bundles - 	Entry: C:\Program Files\eclipse\plugins\org.eclipse.m2e.maven.runtime_3.9.500.20231113-2345\jars\org.eclipse.sisu.plexus-0.3.5.jar
2024-03-10 12:40:22,311 [Worker-2: Launching mavenrun-2f022a2e-dca3-49a6-9dc6-941e7b0e2f94] INFO  o.eclipse.m2e.core.internal.Bundles - 	Entry: C:\Program Files\eclipse\plugins\org.eclipse.m2e.maven.runtime_3.9.500.20231113-2345\jars\plexus-build-api-0.0.7.jar
2024-03-10 12:40:22,314 [Worker-2: Launching mavenrun-2f022a2e-dca3-49a6-9dc6-941e7b0e2f94] INFO  o.eclipse.m2e.core.internal.Bundles - 	Entry: C:\Program Files\eclipse\plugins\org.eclipse.m2e.maven.runtime_3.9.500.20231113-2345\jars\plexus-cipher-2.0.jar
2024-03-10 12:40:22,315 [Worker-2: Launching mavenrun-2f022a2e-dca3-49a6-9dc6-941e7b0e2f94] INFO  o.eclipse.m2e.core.internal.Bundles - 	Entry: C:\Program Files\eclipse\plugins\org.eclipse.m2e.maven.runtime_3.9.500.20231113-2345\jars\plexus-classworlds-2.7.0.jar
2024-03-10 12:40:22,316 [Worker-2: Launching mavenrun-2f022a2e-dca3-49a6-9dc6-941e7b0e2f94] INFO  o.eclipse.m2e.core.internal.Bundles - 	Entry: C:\Program Files\eclipse\plugins\org.eclipse.m2e.maven.runtime_3.9.500.20231113-2345\jars\plexus-component-annotations-2.1.0.jar
2024-03-10 12:40:22,319 [Worker-2: Launching mavenrun-2f022a2e-dca3-49a6-9dc6-941e7b0e2f94] INFO  o.eclipse.m2e.core.internal.Bundles - 	Entry: C:\Program Files\eclipse\plugins\org.eclipse.m2e.maven.runtime_3.9.500.20231113-2345\jars\plexus-interpolation-1.26.jar
2024-03-10 12:40:22,320 [Worker-2: Launching mavenrun-2f022a2e-dca3-49a6-9dc6-941e7b0e2f94] INFO  o.eclipse.m2e.core.internal.Bundles - 	Entry: C:\Program Files\eclipse\plugins\org.eclipse.m2e.maven.runtime_3.9.500.20231113-2345\jars\plexus-sec-dispatcher-2.0.jar
2024-03-10 12:40:22,327 [Worker-2: Launching mavenrun-2f022a2e-dca3-49a6-9dc6-941e7b0e2f94] INFO  o.eclipse.m2e.core.internal.Bundles - 	Entry: C:\Program Files\eclipse\plugins\org.eclipse.m2e.maven.runtime_3.9.500.20231113-2345\jars\plexus-utils-3.5.1.jar
2024-03-10 12:40:22,329 [Worker-2: Launching mavenrun-2f022a2e-dca3-49a6-9dc6-941e7b0e2f94] INFO  o.eclipse.m2e.core.internal.Bundles - 	Entry: C:\Program Files\eclipse\plugins\org.eclipse.m2e.maven.runtime_3.9.500.20231113-2345\jars\wagon-file-3.5.3.jar
2024-03-10 12:40:22,331 [Worker-2: Launching mavenrun-2f022a2e-dca3-49a6-9dc6-941e7b0e2f94] INFO  o.eclipse.m2e.core.internal.Bundles - 	Entry: C:\Program Files\eclipse\plugins\org.eclipse.m2e.maven.runtime_3.9.500.20231113-2345\jars\wagon-http-3.5.3.jar
2024-03-10 12:40:22,332 [Worker-2: Launching mavenrun-2f022a2e-dca3-49a6-9dc6-941e7b0e2f94] INFO  o.eclipse.m2e.core.internal.Bundles - 	Entry: C:\Program Files\eclipse\plugins\org.eclipse.m2e.maven.runtime_3.9.500.20231113-2345\jars\wagon-http-shared-3.5.3.jar
2024-03-10 12:40:22,333 [Worker-2: Launching mavenrun-2f022a2e-dca3-49a6-9dc6-941e7b0e2f94] INFO  o.eclipse.m2e.core.internal.Bundles - 	Entry: C:\Program Files\eclipse\plugins\org.eclipse.m2e.maven.runtime_3.9.500.20231113-2345\jars\wagon-provider-api-3.5.3.jar
2024-03-10 12:40:22,340 [Worker-2: Launching mavenrun-2f022a2e-dca3-49a6-9dc6-941e7b0e2f94] INFO  o.eclipse.m2e.core.internal.Bundles - getClasspathEntries(Bundle=com.google.guava_32.1.3.jre [12])
2024-03-10 12:40:22,341 [Worker-2: Launching mavenrun-2f022a2e-dca3-49a6-9dc6-941e7b0e2f94] INFO  o.eclipse.m2e.core.internal.Bundles - 	Entry: C:\Program Files\eclipse\plugins\com.google.guava_32.1.3.jre.jar
2024-03-10 12:40:22,342 [Worker-2: Launching mavenrun-2f022a2e-dca3-49a6-9dc6-941e7b0e2f94] INFO  o.eclipse.m2e.core.internal.Bundles - getClasspathEntries(Bundle=slf4j.api_2.0.9 [989])
2024-03-10 12:40:22,342 [Worker-2: Launching mavenrun-2f022a2e-dca3-49a6-9dc6-941e7b0e2f94] INFO  o.eclipse.m2e.core.internal.Bundles - 	Entry: C:\Program Files\eclipse\plugins\slf4j.api_2.0.9.jar
2024-03-10 12:40:22,343 [Worker-2: Launching mavenrun-2f022a2e-dca3-49a6-9dc6-941e7b0e2f94] INFO  o.eclipse.m2e.core.internal.Bundles - getClasspathEntries(Bundle=jakarta.inject.jakarta.inject-api_1.0.5 [29])
2024-03-10 12:40:22,344 [Worker-2: Launching mavenrun-2f022a2e-dca3-49a6-9dc6-941e7b0e2f94] INFO  o.eclipse.m2e.core.internal.Bundles - 	Entry: C:\Program Files\eclipse\plugins\jakarta.inject.jakarta.inject-api_1.0.5.jar
2024-03-10 12:40:22,345 [Worker-2: Launching mavenrun-2f022a2e-dca3-49a6-9dc6-941e7b0e2f94] INFO  o.eclipse.m2e.core.internal.Bundles - getClasspathEntries(Bundle=jakarta.annotation-api_1.3.5 [24])
2024-03-10 12:40:22,346 [Worker-2: Launching mavenrun-2f022a2e-dca3-49a6-9dc6-941e7b0e2f94] INFO  o.eclipse.m2e.core.internal.Bundles - 	Entry: C:\Program Files\eclipse\plugins\jakarta.annotation-api_1.3.5.jar
2024-03-10 12:40:22,347 [Worker-2: Launching mavenrun-2f022a2e-dca3-49a6-9dc6-941e7b0e2f94] INFO  o.eclipse.m2e.core.internal.Bundles - getClasspathEntries(Bundle=org.apache.commons.cli_1.6.0 [71])
2024-03-10 12:40:22,349 [Worker-2: Launching mavenrun-2f022a2e-dca3-49a6-9dc6-941e7b0e2f94] INFO  o.eclipse.m2e.core.internal.Bundles - 	Entry: C:\Program Files\eclipse\plugins\org.apache.commons.cli_1.6.0.jar
2024-03-10 12:40:22,350 [Worker-2: Launching mavenrun-2f022a2e-dca3-49a6-9dc6-941e7b0e2f94] INFO  o.eclipse.m2e.core.internal.Bundles - getClasspathEntries(Bundle=org.apache.commons.commons-codec_1.16.0 [75])
2024-03-10 12:40:22,351 [Worker-2: Launching mavenrun-2f022a2e-dca3-49a6-9dc6-941e7b0e2f94] INFO  o.eclipse.m2e.core.internal.Bundles - 	Entry: C:\Program Files\eclipse\plugins\org.apache.commons.commons-codec_1.16.0.jar
2024-03-10 12:40:22,351 [Worker-2: Launching mavenrun-2f022a2e-dca3-49a6-9dc6-941e7b0e2f94] INFO  o.eclipse.m2e.core.internal.Bundles - getClasspathEntries(Bundle=org.apache.commons.lang3_3.13.0 [82])
2024-03-10 12:40:22,352 [Worker-2: Launching mavenrun-2f022a2e-dca3-49a6-9dc6-941e7b0e2f94] INFO  o.eclipse.m2e.core.internal.Bundles - 	Entry: C:\Program Files\eclipse\plugins\org.apache.commons.lang3_3.13.0.jar
2024-03-10 12:40:22,352 [Worker-2: Launching mavenrun-2f022a2e-dca3-49a6-9dc6-941e7b0e2f94] INFO  o.eclipse.m2e.core.internal.Bundles - getClasspathEntries(Bundle=com.google.guava.failureaccess_1.0.2 [13])
2024-03-10 12:40:22,353 [Worker-2: Launching mavenrun-2f022a2e-dca3-49a6-9dc6-941e7b0e2f94] INFO  o.eclipse.m2e.core.internal.Bundles - 	Entry: C:\Program Files\eclipse\plugins\com.google.guava.failureaccess_1.0.2.jar
2024-03-10 12:40:22,386 [Worker-2: Launching mavenrun-2f022a2e-dca3-49a6-9dc6-941e7b0e2f94] INFO  o.e.m.i.launch.MavenLaunchDelegate - Run build in "C:\Users\JANNES~1\AppData\Local\Temp\m2e-archetypeGenerator15920399989185269096":
2024-03-10 12:40:22,399 [Worker-2: Launching mavenrun-2f022a2e-dca3-49a6-9dc6-941e7b0e2f94] INFO  o.e.m.i.launch.MavenLaunchDelegate -  mvn  -DarchetypeGroupId=org.apache.maven.archetypes -DarchetypeArtifactId=maven-archetype-quickstart -DarchetypeVersion=1.1 -DgroupId=com.jannesh -DartifactId=Spring -Dversion=0.0.1-SNAPSHOT -Dpackage=com.jannesh.Spring -DoutputDirectory="C:\Users\Jannesh Rao\Eclipse-MavenSpring" -Dstyle.color=always -U archetype:generate
2024-03-10 12:41:38,645 [Worker-5: Creating maven-archetype-quickstart] INFO  o.e.m.c.i.p.ProjectConfigurationManager - Collecting project info '/pom.xml' C:\Users\Jannesh Rao\Eclipse-MavenSpring\Spring\pom.xml
2024-03-10 12:41:52,337 [Worker-5: Creating maven-archetype-quickstart] INFO  o.e.m.c.i.l.LifecycleMappingFactory - Using org.eclipse.m2e.jdt.JarLifecycleMapping lifecycle mapping for MavenProject: com.jannesh:Spring:0.0.1-SNAPSHOT @ C:\Users\Jannesh Rao\Eclipse-MavenSpring\Spring\pom.xml.
2024-03-10 12:42:07,469 [Worker-5: Creating maven-archetype-quickstart] INFO  o.e.m.j.i.AbstractJavaProjectConfigurator - Adding source folder /Spring/src/main/java
2024-03-10 12:42:07,474 [Worker-5: Creating maven-archetype-quickstart] INFO  o.e.m.j.i.AbstractJavaProjectConfigurator - Adding resource folder /Spring/src/main/resources
2024-03-10 12:42:07,521 [Worker-5: Creating maven-archetype-quickstart] INFO  o.e.m.j.i.AbstractJavaProjectConfigurator - Adding source folder /Spring/src/test/java
2024-03-10 12:42:07,522 [Worker-5: Creating maven-archetype-quickstart] INFO  o.e.m.j.i.AbstractJavaProjectConfigurator - Adding resource folder /Spring/src/test/resources
2024-03-10 12:42:09,538 [Worker-5: Creating maven-archetype-quickstart] INFO  o.e.m.c.i.p.ProjectConfigurationManager - Imported and configured 1 project(s) in 30 sec
2024-03-10 12:42:21,562 [Worker-5: Building] INFO  o.a.m.s.f.DefaultMavenResourcesFiltering - skip non existing resourceDirectory C:\Users\Jannesh Rao\Eclipse-MavenSpring\Spring\src\main\resources
2024-03-10 12:42:21,589 [Worker-5: Building] INFO  o.a.m.s.f.DefaultMavenResourcesFiltering - skip non existing resourceDirectory C:\Users\Jannesh Rao\Eclipse-MavenSpring\Spring\src\test\resources
2024-03-10 12:44:57,041 [Worker-9: Building] INFO  o.e.m.c.i.l.LifecycleMappingFactory - Using org.eclipse.m2e.jdt.JarLifecycleMapping lifecycle mapping for MavenProject: com.jannesh:Spring:0.0.1-SNAPSHOT @ C:\Users\Jannesh Rao\Eclipse-MavenSpring\Spring\pom.xml.
2024-03-10 12:44:58,595 [Worker-9: Building] INFO  o.e.m.c.i.e.AbstractTransferListenerAdapter - Downloading https://repo.maven.apache.org/maven2/org/springframework/spring-context/5.3.27/spring-context-5.3.27.pom
2024-03-10 12:44:58,631 [Worker-9: Building] INFO  o.e.m.c.i.e.AbstractTransferListenerAdapter - Downloaded https://repo.maven.apache.org/maven2/org/springframework/spring-context/5.3.27/spring-context-5.3.27.pom
2024-03-10 12:44:59,677 [Worker-9: Building] INFO  o.e.m.c.i.e.AbstractTransferListenerAdapter - Downloading https://repo.maven.apache.org/maven2/org/springframework/spring-aop/5.3.27/spring-aop-5.3.27.pom
2024-03-10 12:44:59,687 [Worker-9: Building] INFO  o.e.m.c.i.e.AbstractTransferListenerAdapter - Downloaded https://repo.maven.apache.org/maven2/org/springframework/spring-aop/5.3.27/spring-aop-5.3.27.pom
2024-03-10 12:44:59,984 [Worker-9: Building] INFO  o.e.m.c.i.e.AbstractTransferListenerAdapter - Downloading https://repo.maven.apache.org/maven2/org/springframework/spring-beans/5.3.27/spring-beans-5.3.27.pom
2024-03-10 12:44:59,992 [Worker-9: Building] INFO  o.e.m.c.i.e.AbstractTransferListenerAdapter - Downloaded https://repo.maven.apache.org/maven2/org/springframework/spring-beans/5.3.27/spring-beans-5.3.27.pom
2024-03-10 12:45:00,300 [Worker-9: Building] INFO  o.e.m.c.i.e.AbstractTransferListenerAdapter - Downloading https://repo.maven.apache.org/maven2/org/springframework/spring-core/5.3.27/spring-core-5.3.27.pom
2024-03-10 12:45:00,308 [Worker-9: Building] INFO  o.e.m.c.i.e.AbstractTransferListenerAdapter - Downloaded https://repo.maven.apache.org/maven2/org/springframework/spring-core/5.3.27/spring-core-5.3.27.pom
2024-03-10 12:45:00,470 [Worker-9: Building] INFO  o.e.m.c.i.e.AbstractTransferListenerAdapter - Downloading https://repo.maven.apache.org/maven2/org/springframework/spring-jcl/5.3.27/spring-jcl-5.3.27.pom
2024-03-10 12:45:00,478 [Worker-9: Building] INFO  o.e.m.c.i.e.AbstractTransferListenerAdapter - Downloaded https://repo.maven.apache.org/maven2/org/springframework/spring-jcl/5.3.27/spring-jcl-5.3.27.pom
2024-03-10 12:45:01,198 [Worker-9: Building] INFO  o.e.m.c.i.e.AbstractTransferListenerAdapter - Downloading https://repo.maven.apache.org/maven2/org/springframework/spring-expression/5.3.27/spring-expression-5.3.27.pom
2024-03-10 12:45:01,208 [Worker-9: Building] INFO  o.e.m.c.i.e.AbstractTransferListenerAdapter - Downloaded https://repo.maven.apache.org/maven2/org/springframework/spring-expression/5.3.27/spring-expression-5.3.27.pom
2024-03-10 12:45:01,464 [Worker-9: Building] INFO  o.e.m.c.i.e.AbstractTransferListenerAdapter - Downloading https://repo.maven.apache.org/maven2/org/springframework/spring-context/5.3.27/spring-context-5.3.27.jar
2024-03-10 12:45:04,699 [Worker-9: Building] INFO  o.e.m.c.i.e.AbstractTransferListenerAdapter - Downloaded https://repo.maven.apache.org/maven2/org/springframework/spring-context/5.3.27/spring-context-5.3.27.jar
2024-03-10 12:45:04,763 [BasicRepositoryConnector-repo.maven.apache.org-0-0] INFO  o.e.m.c.i.e.AbstractTransferListenerAdapter - Downloading https://repo.maven.apache.org/maven2/org/springframework/spring-aop/5.3.27/spring-aop-5.3.27.jar
2024-03-10 12:45:05,162 [BasicRepositoryConnector-repo.maven.apache.org-0-4] INFO  o.e.m.c.i.e.AbstractTransferListenerAdapter - Downloading https://repo.maven.apache.org/maven2/org/springframework/spring-expression/5.3.27/spring-expression-5.3.27.jar
2024-03-10 12:45:05,264 [BasicRepositoryConnector-repo.maven.apache.org-0-3] INFO  o.e.m.c.i.e.AbstractTransferListenerAdapter - Downloading https://repo.maven.apache.org/maven2/org/springframework/spring-jcl/5.3.27/spring-jcl-5.3.27.jar
2024-03-10 12:45:05,348 [BasicRepositoryConnector-repo.maven.apache.org-0-1] INFO  o.e.m.c.i.e.AbstractTransferListenerAdapter - Downloading https://repo.maven.apache.org/maven2/org/springframework/spring-beans/5.3.27/spring-beans-5.3.27.jar
2024-03-10 12:45:05,612 [BasicRepositoryConnector-repo.maven.apache.org-0-2] INFO  o.e.m.c.i.e.AbstractTransferListenerAdapter - Downloading https://repo.maven.apache.org/maven2/org/springframework/spring-core/5.3.27/spring-core-5.3.27.jar
2024-03-10 12:45:05,788 [BasicRepositoryConnector-repo.maven.apache.org-0-3] INFO  o.e.m.c.i.e.AbstractTransferListenerAdapter - Downloaded https://repo.maven.apache.org/maven2/org/springframework/spring-jcl/5.3.27/spring-jcl-5.3.27.jar
2024-03-10 12:45:06,608 [BasicRepositoryConnector-repo.maven.apache.org-0-0] INFO  o.e.m.c.i.e.AbstractTransferListenerAdapter - Downloaded https://repo.maven.apache.org/maven2/org/springframework/spring-aop/5.3.27/spring-aop-5.3.27.jar
2024-03-10 12:45:06,632 [BasicRepositoryConnector-repo.maven.apache.org-0-4] INFO  o.e.m.c.i.e.AbstractTransferListenerAdapter - Downloaded https://repo.maven.apache.org/maven2/org/springframework/spring-expression/5.3.27/spring-expression-5.3.27.jar
2024-03-10 12:45:08,492 [BasicRepositoryConnector-repo.maven.apache.org-0-2] INFO  o.e.m.c.i.e.AbstractTransferListenerAdapter - Downloaded https://repo.maven.apache.org/maven2/org/springframework/spring-core/5.3.27/spring-core-5.3.27.jar
2024-03-10 12:45:08,539 [BasicRepositoryConnector-repo.maven.apache.org-0-1] INFO  o.e.m.c.i.e.AbstractTransferListenerAdapter - Downloaded https://repo.maven.apache.org/maven2/org/springframework/spring-beans/5.3.27/spring-beans-5.3.27.jar
2024-03-10 12:45:09,453 [Worker-9: Building] INFO  o.a.m.s.f.DefaultMavenResourcesFiltering - skip non existing resourceDirectory C:\Users\Jannesh Rao\Eclipse-MavenSpring\Spring\src\main\resources
2024-03-10 12:45:09,482 [Worker-9: Building] INFO  o.a.m.s.f.DefaultMavenResourcesFiltering - skip non existing resourceDirectory C:\Users\Jannesh Rao\Eclipse-MavenSpring\Spring\src\test\resources
2024-03-10 12:45:11,021 [Worker-11: Download sources and javadoc] INFO  o.e.m.c.i.e.AbstractTransferListenerAdapter - Downloading https://repo.maven.apache.org/maven2/org/springframework/spring-context/5.3.27/spring-context-5.3.27-sources.jar
2024-03-10 12:45:13,876 [Worker-11: Download sources and javadoc] INFO  o.e.m.c.i.e.AbstractTransferListenerAdapter - Downloaded https://repo.maven.apache.org/maven2/org/springframework/spring-context/5.3.27/spring-context-5.3.27-sources.jar
2024-03-10 12:45:13,895 [Worker-11: Download sources and javadoc] INFO  o.e.m.j.internal.DownloadSourcesJob - Downloaded sources for org.springframework:spring-context:5.3.27
2024-03-10 12:45:14,513 [Worker-11: Download sources and javadoc] INFO  o.e.m.c.i.e.AbstractTransferListenerAdapter - Downloading https://repo.maven.apache.org/maven2/org/springframework/spring-aop/5.3.27/spring-aop-5.3.27-sources.jar
2024-03-10 12:45:15,111 [Worker-11: Download sources and javadoc] INFO  o.e.m.c.i.e.AbstractTransferListenerAdapter - Downloaded https://repo.maven.apache.org/maven2/org/springframework/spring-aop/5.3.27/spring-aop-5.3.27-sources.jar
2024-03-10 12:45:15,119 [Worker-11: Download sources and javadoc] INFO  o.e.m.j.internal.DownloadSourcesJob - Downloaded sources for org.springframework:spring-aop:5.3.27
2024-03-10 12:45:15,429 [Worker-11: Download sources and javadoc] INFO  o.e.m.c.i.e.AbstractTransferListenerAdapter - Downloading https://repo.maven.apache.org/maven2/org/springframework/spring-beans/5.3.27/spring-beans-5.3.27-sources.jar
2024-03-10 12:45:16,641 [Worker-11: Download sources and javadoc] INFO  o.e.m.c.i.e.AbstractTransferListenerAdapter - Downloaded https://repo.maven.apache.org/maven2/org/springframework/spring-beans/5.3.27/spring-beans-5.3.27-sources.jar
2024-03-10 12:45:16,799 [Worker-11: Download sources and javadoc] INFO  o.e.m.j.internal.DownloadSourcesJob - Downloaded sources for org.springframework:spring-beans:5.3.27
2024-03-10 12:45:17,149 [Worker-11: Download sources and javadoc] INFO  o.e.m.c.i.e.AbstractTransferListenerAdapter - Downloading https://repo.maven.apache.org/maven2/org/springframework/spring-core/5.3.27/spring-core-5.3.27-sources.jar
2024-03-10 12:45:18,803 [Worker-11: Download sources and javadoc] INFO  o.e.m.c.i.e.AbstractTransferListenerAdapter - Downloaded https://repo.maven.apache.org/maven2/org/springframework/spring-core/5.3.27/spring-core-5.3.27-sources.jar
2024-03-10 12:45:18,813 [Worker-11: Download sources and javadoc] INFO  o.e.m.j.internal.DownloadSourcesJob - Downloaded sources for org.springframework:spring-core:5.3.27
2024-03-10 12:45:19,023 [Worker-11: Download sources and javadoc] INFO  o.e.m.c.i.e.AbstractTransferListenerAdapter - Downloading https://repo.maven.apache.org/maven2/org/springframework/spring-jcl/5.3.27/spring-jcl-5.3.27-sources.jar
2024-03-10 12:45:19,049 [Worker-11: Download sources and javadoc] INFO  o.e.m.c.i.e.AbstractTransferListenerAdapter - Downloaded https://repo.maven.apache.org/maven2/org/springframework/spring-jcl/5.3.27/spring-jcl-5.3.27-sources.jar
2024-03-10 12:45:21,235 [Worker-11: Download sources and javadoc] INFO  o.e.m.j.internal.DownloadSourcesJob - Downloaded sources for org.springframework:spring-jcl:5.3.27
2024-03-10 12:45:21,519 [Worker-11: Download sources and javadoc] INFO  o.e.m.c.i.e.AbstractTransferListenerAdapter - Downloading https://repo.maven.apache.org/maven2/org/springframework/spring-expression/5.3.27/spring-expression-5.3.27-sources.jar
2024-03-10 12:45:21,729 [Worker-11: Download sources and javadoc] INFO  o.e.m.c.i.e.AbstractTransferListenerAdapter - Downloaded https://repo.maven.apache.org/maven2/org/springframework/spring-expression/5.3.27/spring-expression-5.3.27-sources.jar
2024-03-10 12:45:21,738 [Worker-11: Download sources and javadoc] INFO  o.e.m.j.internal.DownloadSourcesJob - Downloaded sources for org.springframework:spring-expression:5.3.27
2024-03-10 12:52:42,859 [Worker-8: Building] INFO  o.a.m.s.f.DefaultMavenResourcesFiltering - skip non existing resourceDirectory C:\Users\Jannesh Rao\Eclipse-MavenSpring\Spring\src\main\resources
2024-03-10 12:52:42,872 [Worker-8: Building] INFO  o.a.m.s.f.DefaultMavenResourcesFiltering - skip non existing resourceDirectory C:\Users\Jannesh Rao\Eclipse-MavenSpring\Spring\src\test\resources
2024-03-10 12:53:51,011 [Worker-15: Building] INFO  o.a.m.s.f.DefaultMavenResourcesFiltering - skip non existing resourceDirectory C:\Users\Jannesh Rao\Eclipse-MavenSpring\Spring\src\main\resources
2024-03-10 12:53:51,037 [Worker-15: Building] INFO  o.a.m.s.f.DefaultMavenResourcesFiltering - skip non existing resourceDirectory C:\Users\Jannesh Rao\Eclipse-MavenSpring\Spring\src\test\resources
2024-03-10 12:54:09,501 [Worker-8: Building] INFO  o.a.m.s.f.DefaultMavenResourcesFiltering - skip non existing resourceDirectory C:\Users\Jannesh Rao\Eclipse-MavenSpring\Spring\src\main\resources
2024-03-10 12:54:09,510 [Worker-8: Building] INFO  o.a.m.s.f.DefaultMavenResourcesFiltering - skip non existing resourceDirectory C:\Users\Jannesh Rao\Eclipse-MavenSpring\Spring\src\test\resources
2024-03-10 12:54:36,360 [Worker-17: Building] INFO  o.a.m.s.f.DefaultMavenResourcesFiltering - skip non existing resourceDirectory C:\Users\Jannesh Rao\Eclipse-MavenSpring\Spring\src\main\resources
2024-03-10 12:54:36,370 [Worker-17: Building] INFO  o.a.m.s.f.DefaultMavenResourcesFiltering - skip non existing resourceDirectory C:\Users\Jannesh Rao\Eclipse-MavenSpring\Spring\src\test\resources
2024-03-10 12:57:46,994 [Worker-13: Building] INFO  o.a.m.s.f.DefaultMavenResourcesFiltering - skip non existing resourceDirectory C:\Users\Jannesh Rao\Eclipse-MavenSpring\Spring\src\main\resources
2024-03-10 12:57:47,025 [Worker-13: Building] INFO  o.a.m.s.f.DefaultMavenResourcesFiltering - skip non existing resourceDirectory C:\Users\Jannesh Rao\Eclipse-MavenSpring\Spring\src\test\resources
2024-03-10 12:58:08,050 [Worker-19: Building] INFO  o.a.m.s.f.DefaultMavenResourcesFiltering - skip non existing resourceDirectory C:\Users\Jannesh Rao\Eclipse-MavenSpring\Spring\src\main\resources
2024-03-10 12:58:08,068 [Worker-19: Building] INFO  o.a.m.s.f.DefaultMavenResourcesFiltering - skip non existing resourceDirectory C:\Users\Jannesh Rao\Eclipse-MavenSpring\Spring\src\test\resources
2024-03-10 12:58:17,415 [Worker-19: Building] INFO  o.a.m.s.f.DefaultMavenResourcesFiltering - skip non existing resourceDirectory C:\Users\Jannesh Rao\Eclipse-MavenSpring\Spring\src\main\resources
2024-03-10 12:58:17,437 [Worker-19: Building] INFO  o.a.m.s.f.DefaultMavenResourcesFiltering - skip non existing resourceDirectory C:\Users\Jannesh Rao\Eclipse-MavenSpring\Spring\src\test\resources
2024-03-10 12:59:10,378 [Worker-19: Building] INFO  o.a.m.s.f.DefaultMavenResourcesFiltering - skip non existing resourceDirectory C:\Users\Jannesh Rao\Eclipse-MavenSpring\Spring\src\main\resources
2024-03-10 12:59:10,397 [Worker-19: Building] INFO  o.a.m.s.f.DefaultMavenResourcesFiltering - skip non existing resourceDirectory C:\Users\Jannesh Rao\Eclipse-MavenSpring\Spring\src\test\resources
2024-03-10 12:59:24,105 [Worker-21: Building] INFO  o.a.m.s.f.DefaultMavenResourcesFiltering - skip non existing resourceDirectory C:\Users\Jannesh Rao\Eclipse-MavenSpring\Spring\src\main\resources
2024-03-10 12:59:24,116 [Worker-21: Building] INFO  o.a.m.s.f.DefaultMavenResourcesFiltering - skip non existing resourceDirectory C:\Users\Jannesh Rao\Eclipse-MavenSpring\Spring\src\test\resources
2024-03-10 13:00:40,320 [Worker-8: Building] INFO  o.a.m.s.f.DefaultMavenResourcesFiltering - skip non existing resourceDirectory C:\Users\Jannesh Rao\Eclipse-MavenSpring\Spring\src\main\resources
2024-03-10 13:00:40,344 [Worker-8: Building] INFO  o.a.m.s.f.DefaultMavenResourcesFiltering - skip non existing resourceDirectory C:\Users\Jannesh Rao\Eclipse-MavenSpring\Spring\src\test\resources
2024-03-10 13:01:12,423 [Worker-19: Building] INFO  o.a.m.s.f.DefaultMavenResourcesFiltering - skip non existing resourceDirectory C:\Users\Jannesh Rao\Eclipse-MavenSpring\Spring\src\main\resources
2024-03-10 13:01:12,457 [Worker-19: Building] INFO  o.a.m.s.f.DefaultMavenResourcesFiltering - skip non existing resourceDirectory C:\Users\Jannesh Rao\Eclipse-MavenSpring\Spring\src\test\resources
2024-03-10 13:02:16,666 [Worker-19: Building] INFO  o.a.m.s.f.DefaultMavenResourcesFiltering - skip non existing resourceDirectory C:\Users\Jannesh Rao\Eclipse-MavenSpring\Spring\src\main\resources
2024-03-10 13:02:17,401 [Worker-19: Building] INFO  o.a.m.s.f.DefaultMavenResourcesFiltering - skip non existing resourceDirectory C:\Users\Jannesh Rao\Eclipse-MavenSpring\Spring\src\test\resources
2024-03-10 13:03:11,084 [Worker-16: Building] INFO  o.a.m.s.f.DefaultMavenResourcesFiltering - skip non existing resourceDirectory C:\Users\Jannesh Rao\Eclipse-MavenSpring\Spring\src\main\resources
2024-03-10 13:03:11,228 [Worker-16: Building] INFO  o.a.m.s.f.DefaultMavenResourcesFiltering - skip non existing resourceDirectory C:\Users\Jannesh Rao\Eclipse-MavenSpring\Spring\src\test\resources
2024-03-10 13:03:17,373 [Worker-15: Building] INFO  o.a.m.s.f.DefaultMavenResourcesFiltering - skip non existing resourceDirectory C:\Users\Jannesh Rao\Eclipse-MavenSpring\Spring\src\main\resources
2024-03-10 13:03:17,380 [Worker-15: Building] INFO  o.a.m.s.f.DefaultMavenResourcesFiltering - skip non existing resourceDirectory C:\Users\Jannesh Rao\Eclipse-MavenSpring\Spring\src\test\resources
2024-03-10 13:03:18,777 [Worker-16: Building] INFO  o.a.m.s.f.DefaultMavenResourcesFiltering - skip non existing resourceDirectory C:\Users\Jannesh Rao\Eclipse-MavenSpring\Spring\src\main\resources
2024-03-10 13:03:18,791 [Worker-16: Building] INFO  o.a.m.s.f.DefaultMavenResourcesFiltering - skip non existing resourceDirectory C:\Users\Jannesh Rao\Eclipse-MavenSpring\Spring\src\test\resources
2024-03-10 13:03:33,443 [Worker-13: Building] INFO  o.a.m.s.f.DefaultMavenResourcesFiltering - skip non existing resourceDirectory C:\Users\Jannesh Rao\Eclipse-MavenSpring\Spring\src\main\resources
2024-03-10 13:03:33,453 [Worker-13: Building] INFO  o.a.m.s.f.DefaultMavenResourcesFiltering - skip non existing resourceDirectory C:\Users\Jannesh Rao\Eclipse-MavenSpring\Spring\src\test\resources
2024-03-10 13:03:47,649 [Worker-16: Building] INFO  o.a.m.s.f.DefaultMavenResourcesFiltering - skip non existing resourceDirectory C:\Users\Jannesh Rao\Eclipse-MavenSpring\Spring\src\main\resources
2024-03-10 13:03:47,660 [Worker-16: Building] INFO  o.a.m.s.f.DefaultMavenResourcesFiltering - skip non existing resourceDirectory C:\Users\Jannesh Rao\Eclipse-MavenSpring\Spring\src\test\resources
2024-03-10 13:10:13,961 [Worker-15: Building] INFO  o.e.m.c.i.l.LifecycleMappingFactory - Using org.eclipse.m2e.jdt.JarLifecycleMapping lifecycle mapping for MavenProject: com.jannesh:Spring:0.0.1-SNAPSHOT @ C:\Users\Jannesh Rao\Eclipse-MavenSpring\Spring_ApplicationContext\pom.xml.
2024-03-10 13:10:14,517 [Worker-15: Building] INFO  o.a.m.s.f.DefaultMavenResourcesFiltering - skip non existing resourceDirectory C:\Users\Jannesh Rao\Eclipse-MavenSpring\Spring_ApplicationContext\src\main\resources
2024-03-10 13:10:14,526 [Worker-15: Building] INFO  o.a.m.s.f.DefaultMavenResourcesFiltering - skip non existing resourceDirectory C:\Users\Jannesh Rao\Eclipse-MavenSpring\Spring_ApplicationContext\src\test\resources
2024-03-10 13:10:55,453 [Worker-15: Building] INFO  o.a.m.s.f.DefaultMavenResourcesFiltering - skip non existing resourceDirectory C:\Users\Jannesh Rao\Eclipse-MavenSpring\Spring\src\main\resources
2024-03-10 13:10:55,487 [Worker-15: Building] INFO  o.a.m.s.f.DefaultMavenResourcesFiltering - skip non existing resourceDirectory C:\Users\Jannesh Rao\Eclipse-MavenSpring\Spring\src\test\resources
2024-03-10 13:12:00,526 [Worker-26: Building] INFO  o.a.m.s.f.DefaultMavenResourcesFiltering - skip non existing resourceDirectory C:\Users\Jannesh Rao\Eclipse-MavenSpring\Spring\src\main\resources
2024-03-10 13:12:00,551 [Worker-26: Building] INFO  o.a.m.s.f.DefaultMavenResourcesFiltering - skip non existing resourceDirectory C:\Users\Jannesh Rao\Eclipse-MavenSpring\Spring\src\test\resources
2024-03-10 13:12:37,483 [Worker-15: Building] INFO  o.a.m.s.f.DefaultMavenResourcesFiltering - skip non existing resourceDirectory C:\Users\Jannesh Rao\Eclipse-MavenSpring\Spring\src\main\resources
2024-03-10 13:12:37,509 [Worker-15: Building] INFO  o.a.m.s.f.DefaultMavenResourcesFiltering - skip non existing resourceDirectory C:\Users\Jannesh Rao\Eclipse-MavenSpring\Spring\src\test\resources
2024-03-10 13:12:41,897 [Worker-25: Building] INFO  o.a.m.s.f.DefaultMavenResourcesFiltering - skip non existing resourceDirectory C:\Users\Jannesh Rao\Eclipse-MavenSpring\Spring\src\main\resources
2024-03-10 13:12:41,907 [Worker-25: Building] INFO  o.a.m.s.f.DefaultMavenResourcesFiltering - skip non existing resourceDirectory C:\Users\Jannesh Rao\Eclipse-MavenSpring\Spring\src\test\resources
2024-03-10 13:13:21,360 [Worker-26: Building] INFO  o.a.m.s.f.DefaultMavenResourcesFiltering - skip non existing resourceDirectory C:\Users\Jannesh Rao\Eclipse-MavenSpring\Spring_ApplicationContext\src\main\resources
2024-03-10 13:13:21,392 [Worker-26: Building] INFO  o.a.m.s.f.DefaultMavenResourcesFiltering - skip non existing resourceDirectory C:\Users\Jannesh Rao\Eclipse-MavenSpring\Spring_ApplicationContext\src\test\resources
2024-03-10 13:15:19,005 [Worker-13: Building] INFO  o.a.m.s.f.DefaultMavenResourcesFiltering - skip non existing resourceDirectory C:\Users\Jannesh Rao\Eclipse-MavenSpring\Spring_ApplicationContext\src\main\resources
2024-03-10 13:15:19,041 [Worker-13: Building] INFO  o.a.m.s.f.DefaultMavenResourcesFiltering - skip non existing resourceDirectory C:\Users\Jannesh Rao\Eclipse-MavenSpring\Spring_ApplicationContext\src\test\resources
2024-03-10 13:15:47,347 [Worker-28: Building] INFO  o.a.m.s.f.DefaultMavenResourcesFiltering - skip non existing resourceDirectory C:\Users\Jannesh Rao\Eclipse-MavenSpring\Spring\src\main\resources
2024-03-10 13:15:47,375 [Worker-28: Building] INFO  o.a.m.s.f.DefaultMavenResourcesFiltering - skip non existing resourceDirectory C:\Users\Jannesh Rao\Eclipse-MavenSpring\Spring\src\test\resources
2024-03-10 13:16:01,645 [Worker-23: Building] INFO  o.a.m.s.f.DefaultMavenResourcesFiltering - skip non existing resourceDirectory C:\Users\Jannesh Rao\Eclipse-MavenSpring\Spring_ApplicationContext\src\main\resources
2024-03-10 13:16:01,655 [Worker-23: Building] INFO  o.a.m.s.f.DefaultMavenResourcesFiltering - skip non existing resourceDirectory C:\Users\Jannesh Rao\Eclipse-MavenSpring\Spring_ApplicationContext\src\test\resources
2024-03-10 13:18:18,647 [Worker-15: Building] INFO  o.a.m.s.f.DefaultMavenResourcesFiltering - skip non existing resourceDirectory C:\Users\Jannesh Rao\Eclipse-MavenSpring\Spring\src\main\resources
2024-03-10 13:18:18,679 [Worker-15: Building] INFO  o.a.m.s.f.DefaultMavenResourcesFiltering - skip non existing resourceDirectory C:\Users\Jannesh Rao\Eclipse-MavenSpring\Spring\src\test\resources
2024-03-10 13:18:37,482 [Worker-27: Launching App] INFO  o.a.m.s.f.DefaultMavenResourcesFiltering - skip non existing resourceDirectory C:\Users\Jannesh Rao\Eclipse-MavenSpring\Spring\src\main\resources
2024-03-10 13:18:37,490 [Worker-27: Launching App] INFO  o.a.m.s.f.DefaultMavenResourcesFiltering - skip non existing resourceDirectory C:\Users\Jannesh Rao\Eclipse-MavenSpring\Spring\src\test\resources
2024-03-10 13:19:00,690 [Worker-28: Building] INFO  o.a.m.s.f.DefaultMavenResourcesFiltering - skip non existing resourceDirectory C:\Users\Jannesh Rao\Eclipse-MavenSpring\Spring\src\main\resources
2024-03-10 13:19:00,701 [Worker-28: Building] INFO  o.a.m.s.f.DefaultMavenResourcesFiltering - skip non existing resourceDirectory C:\Users\Jannesh Rao\Eclipse-MavenSpring\Spring\src\test\resources
2024-03-10 13:20:05,097 [Worker-29: Building] INFO  o.a.m.s.f.DefaultMavenResourcesFiltering - skip non existing resourceDirectory C:\Users\Jannesh Rao\Eclipse-MavenSpring\Spring\src\main\resources
2024-03-10 13:20:05,130 [Worker-29: Building] INFO  o.a.m.s.f.DefaultMavenResourcesFiltering - skip non existing resourceDirectory C:\Users\Jannesh Rao\Eclipse-MavenSpring\Spring\src\test\resources
2024-03-10 13:20:25,959 [Worker-30: Updating Maven Dependencies] ERROR o.e.m.j.i.l.MavenLaunchConfigurationListener - Launch configuration App (1) references non-existing project Spring_ApplicationContext.
org.eclipse.core.runtime.CoreException: Launch configuration App (1) references non-existing project Spring_ApplicationContext.
	at org.eclipse.jdt.launching.JavaRuntime.abort(JavaRuntime.java:1858)
	at org.eclipse.jdt.launching.JavaRuntime.getJavaProject(JavaRuntime.java:1735)
	at org.eclipse.m2e.jdt.internal.launch.MavenLaunchConfigurationListener.updateLaunchConfiguration(MavenLaunchConfigurationListener.java:64)
	at org.eclipse.m2e.jdt.internal.launch.MavenLaunchConfigurationListener.launchConfigurationChanged(MavenLaunchConfigurationListener.java:50)
	at org.eclipse.debug.internal.core.LaunchManager$ConfigurationNotifier.run(LaunchManager.java:220)
	at org.eclipse.core.runtime.SafeRunner.run(SafeRunner.java:47)
	at org.eclipse.debug.internal.core.LaunchManager$ConfigurationNotifier.notify(LaunchManager.java:204)
	at org.eclipse.debug.internal.core.LaunchConfigurationWorkingCopy.setDirty(LaunchConfigurationWorkingCopy.java:527)
	at org.eclipse.debug.internal.core.LaunchConfigurationWorkingCopy.setAttribute(LaunchConfigurationWorkingCopy.java:415)
	at org.eclipse.m2e.jdt.internal.launch.MavenRuntimeClasspathProvider.disable(MavenRuntimeClasspathProvider.java:409)
	at org.eclipse.m2e.jdt.internal.launch.MavenRuntimeClasspathProvider.disable(MavenRuntimeClasspathProvider.java:435)
	at org.eclipse.m2e.jdt.internal.launch.MavenLaunchConfigurationListener.mavenProjectChanged(MavenLaunchConfigurationListener.java:135)
	at org.eclipse.m2e.core.internal.project.registry.ProjectRegistryManager.notifyProjectChangeListeners(ProjectRegistryManager.java:888)
	at org.eclipse.m2e.core.internal.project.registry.ProjectRegistryManager.applyMutableProjectRegistry(ProjectRegistryManager.java:1040)
	at org.eclipse.m2e.core.internal.project.registry.ProjectRegistryRefreshJob.lambda$0(ProjectRegistryRefreshJob.java:162)
	at org.eclipse.m2e.core.internal.embedder.MavenExecutionContext.executeBare(MavenExecutionContext.java:394)
	at org.eclipse.m2e.core.internal.embedder.MavenExecutionContext.execute(MavenExecutionContext.java:275)
	at org.eclipse.m2e.core.internal.embedder.MavenExecutionContext.execute(MavenExecutionContext.java:214)
	at org.eclipse.m2e.core.internal.project.registry.ProjectRegistryRefreshJob.run(ProjectRegistryRefreshJob.java:106)
	at org.eclipse.core.internal.jobs.Worker.run(Worker.java:63)
2024-03-10 13:20:26,138 [Worker-30: Updating Maven Dependencies] ERROR o.e.m.j.i.l.MavenLaunchConfigurationListener - Launch configuration App (1) references non-existing project Spring_ApplicationContext.
org.eclipse.core.runtime.CoreException: Launch configuration App (1) references non-existing project Spring_ApplicationContext.
	at org.eclipse.jdt.launching.JavaRuntime.abort(JavaRuntime.java:1858)
	at org.eclipse.jdt.launching.JavaRuntime.getJavaProject(JavaRuntime.java:1735)
	at org.eclipse.m2e.jdt.internal.launch.MavenLaunchConfigurationListener.updateLaunchConfiguration(MavenLaunchConfigurationListener.java:64)
	at org.eclipse.m2e.jdt.internal.launch.MavenLaunchConfigurationListener.launchConfigurationChanged(MavenLaunchConfigurationListener.java:50)
	at org.eclipse.debug.internal.core.LaunchManager$ConfigurationNotifier.run(LaunchManager.java:220)
	at org.eclipse.core.runtime.SafeRunner.run(SafeRunner.java:47)
	at org.eclipse.debug.internal.core.LaunchManager$ConfigurationNotifier.notify(LaunchManager.java:204)
	at org.eclipse.debug.internal.core.LaunchConfigurationWorkingCopy.setDirty(LaunchConfigurationWorkingCopy.java:527)
	at org.eclipse.debug.internal.core.LaunchConfigurationWorkingCopy.setAttribute(LaunchConfigurationWorkingCopy.java:415)
	at org.eclipse.m2e.jdt.internal.launch.MavenRuntimeClasspathProvider.disable(MavenRuntimeClasspathProvider.java:410)
	at org.eclipse.m2e.jdt.internal.launch.MavenRuntimeClasspathProvider.disable(MavenRuntimeClasspathProvider.java:435)
	at org.eclipse.m2e.jdt.internal.launch.MavenLaunchConfigurationListener.mavenProjectChanged(MavenLaunchConfigurationListener.java:135)
	at org.eclipse.m2e.core.internal.project.registry.ProjectRegistryManager.notifyProjectChangeListeners(ProjectRegistryManager.java:888)
	at org.eclipse.m2e.core.internal.project.registry.ProjectRegistryManager.applyMutableProjectRegistry(ProjectRegistryManager.java:1040)
	at org.eclipse.m2e.core.internal.project.registry.ProjectRegistryRefreshJob.lambda$0(ProjectRegistryRefreshJob.java:162)
	at org.eclipse.m2e.core.internal.embedder.MavenExecutionContext.executeBare(MavenExecutionContext.java:394)
	at org.eclipse.m2e.core.internal.embedder.MavenExecutionContext.execute(MavenExecutionContext.java:275)
	at org.eclipse.m2e.core.internal.embedder.MavenExecutionContext.execute(MavenExecutionContext.java:214)
	at org.eclipse.m2e.core.internal.project.registry.ProjectRegistryRefreshJob.run(ProjectRegistryRefreshJob.java:106)
	at org.eclipse.core.internal.jobs.Worker.run(Worker.java:63)
2024-03-10 13:20:26,235 [Worker-30: Updating Maven Dependencies] ERROR o.e.m.j.i.l.MavenLaunchConfigurationListener - Launch configuration App (1) references non-existing project Spring_ApplicationContext.
org.eclipse.core.runtime.CoreException: Launch configuration App (1) references non-existing project Spring_ApplicationContext.
	at org.eclipse.jdt.launching.JavaRuntime.abort(JavaRuntime.java:1858)
	at org.eclipse.jdt.launching.JavaRuntime.getJavaProject(JavaRuntime.java:1735)
	at org.eclipse.m2e.jdt.internal.launch.MavenLaunchConfigurationListener.updateLaunchConfiguration(MavenLaunchConfigurationListener.java:64)
	at org.eclipse.m2e.jdt.internal.launch.MavenLaunchConfigurationListener.launchConfigurationChanged(MavenLaunchConfigurationListener.java:50)
	at org.eclipse.debug.internal.core.LaunchManager$ConfigurationNotifier.run(LaunchManager.java:220)
	at org.eclipse.core.runtime.SafeRunner.run(SafeRunner.java:47)
	at org.eclipse.debug.internal.core.LaunchManager$ConfigurationNotifier.notify(LaunchManager.java:204)
	at org.eclipse.debug.internal.core.LaunchManager.launchConfigurationChanged(LaunchManager.java:2010)
	at org.eclipse.debug.internal.core.LaunchConfigurationWorkingCopy.writeNewFile(LaunchConfigurationWorkingCopy.java:380)
	at org.eclipse.debug.internal.core.LaunchConfigurationWorkingCopy.doSave0(LaunchConfigurationWorkingCopy.java:259)
	at org.eclipse.debug.internal.core.LaunchConfigurationWorkingCopy.doSave(LaunchConfigurationWorkingCopy.java:229)
	at org.eclipse.debug.internal.core.LaunchConfigurationWorkingCopy.doSave(LaunchConfigurationWorkingCopy.java:187)
	at org.eclipse.m2e.jdt.internal.launch.MavenRuntimeClasspathProvider.disable(MavenRuntimeClasspathProvider.java:411)
	at org.eclipse.m2e.jdt.internal.launch.MavenRuntimeClasspathProvider.disable(MavenRuntimeClasspathProvider.java:435)
	at org.eclipse.m2e.jdt.internal.launch.MavenLaunchConfigurationListener.mavenProjectChanged(MavenLaunchConfigurationListener.java:135)
	at org.eclipse.m2e.core.internal.project.registry.ProjectRegistryManager.notifyProjectChangeListeners(ProjectRegistryManager.java:888)
	at org.eclipse.m2e.core.internal.project.registry.ProjectRegistryManager.applyMutableProjectRegistry(ProjectRegistryManager.java:1040)
	at org.eclipse.m2e.core.internal.project.registry.ProjectRegistryRefreshJob.lambda$0(ProjectRegistryRefreshJob.java:162)
	at org.eclipse.m2e.core.internal.embedder.MavenExecutionContext.executeBare(MavenExecutionContext.java:394)
	at org.eclipse.m2e.core.internal.embedder.MavenExecutionContext.execute(MavenExecutionContext.java:275)
	at org.eclipse.m2e.core.internal.embedder.MavenExecutionContext.execute(MavenExecutionContext.java:214)
	at org.eclipse.m2e.core.internal.project.registry.ProjectRegistryRefreshJob.run(ProjectRegistryRefreshJob.java:106)
	at org.eclipse.core.internal.jobs.Worker.run(Worker.java:63)
2024-03-10 13:22:07,812 [Worker-29: Building] INFO  o.a.m.s.f.DefaultMavenResourcesFiltering - skip non existing resourceDirectory C:\Users\Jannesh Rao\Eclipse-MavenSpring\Spring\src\main\resources
2024-03-10 13:22:07,884 [Worker-29: Building] INFO  o.a.m.s.f.DefaultMavenResourcesFiltering - skip non existing resourceDirectory C:\Users\Jannesh Rao\Eclipse-MavenSpring\Spring\src\test\resources
2024-03-10 13:22:45,726 [Worker-29: Building] INFO  o.e.m.c.i.l.LifecycleMappingFactory - Using org.eclipse.m2e.jdt.JarLifecycleMapping lifecycle mapping for MavenProject: com.jannesh:Spring:0.0.1-SNAPSHOT @ C:\Users\Jannesh Rao\Eclipse-MavenSpring\Spring_ApplicationContext\pom.xml.
2024-03-10 13:22:46,153 [Worker-29: Building] INFO  o.a.m.s.f.DefaultMavenResourcesFiltering - skip non existing resourceDirectory C:\Users\Jannesh Rao\Eclipse-MavenSpring\Spring_ApplicationContext\src\main\resources
2024-03-10 13:22:46,161 [Worker-29: Building] INFO  o.a.m.s.f.DefaultMavenResourcesFiltering - skip non existing resourceDirectory C:\Users\Jannesh Rao\Eclipse-MavenSpring\Spring_ApplicationContext\src\test\resources
2024-03-10 13:23:35,653 [Worker-29: Building] INFO  o.a.m.s.f.DefaultMavenResourcesFiltering - skip non existing resourceDirectory C:\Users\Jannesh Rao\Eclipse-MavenSpring\Spring_ApplicationContext\src\main\resources
2024-03-10 13:23:35,670 [Worker-29: Building] INFO  o.a.m.s.f.DefaultMavenResourcesFiltering - skip non existing resourceDirectory C:\Users\Jannesh Rao\Eclipse-MavenSpring\Spring_ApplicationContext\src\test\resources
2024-03-10 13:23:39,752 [Worker-31: Building] INFO  o.a.m.s.f.DefaultMavenResourcesFiltering - skip non existing resourceDirectory C:\Users\Jannesh Rao\Eclipse-MavenSpring\Spring_ApplicationContext\src\main\resources
2024-03-10 13:23:39,756 [Worker-31: Building] INFO  o.a.m.s.f.DefaultMavenResourcesFiltering - skip non existing resourceDirectory C:\Users\Jannesh Rao\Eclipse-MavenSpring\Spring_ApplicationContext\src\test\resources
2024-03-10 13:23:51,643 [Worker-27: Building] INFO  o.a.m.s.f.DefaultMavenResourcesFiltering - skip non existing resourceDirectory C:\Users\Jannesh Rao\Eclipse-MavenSpring\Spring_ApplicationContext\src\main\resources
2024-03-10 13:23:51,649 [Worker-27: Building] INFO  o.a.m.s.f.DefaultMavenResourcesFiltering - skip non existing resourceDirectory C:\Users\Jannesh Rao\Eclipse-MavenSpring\Spring_ApplicationContext\src\test\resources
2024-03-10 13:28:52,935 [Worker-33: Building] INFO  o.e.m.c.i.l.LifecycleMappingFactory - Using org.eclipse.m2e.jdt.JarLifecycleMapping lifecycle mapping for MavenProject: com.jannesh:Spring:0.0.1-SNAPSHOT @ C:\Users\Jannesh Rao\Eclipse-MavenSpring\Spring_Container\pom.xml.
2024-03-10 13:28:53,624 [Worker-33: Building] INFO  o.a.m.s.f.DefaultMavenResourcesFiltering - skip non existing resourceDirectory C:\Users\Jannesh Rao\Eclipse-MavenSpring\Spring_Container\src\main\resources
2024-03-10 13:28:53,642 [Worker-33: Building] INFO  o.a.m.s.f.DefaultMavenResourcesFiltering - skip non existing resourceDirectory C:\Users\Jannesh Rao\Eclipse-MavenSpring\Spring_Container\src\test\resources
2024-03-10 13:29:32,514 [Worker-27: Building] INFO  o.a.m.s.f.DefaultMavenResourcesFiltering - skip non existing resourceDirectory C:\Users\Jannesh Rao\Eclipse-MavenSpring\Spring_Container\src\main\resources
2024-03-10 13:29:32,553 [Worker-27: Building] INFO  o.a.m.s.f.DefaultMavenResourcesFiltering - skip non existing resourceDirectory C:\Users\Jannesh Rao\Eclipse-MavenSpring\Spring_Container\src\test\resources
2024-03-10 13:29:41,635 [Worker-34: Building] INFO  o.a.m.s.f.DefaultMavenResourcesFiltering - skip non existing resourceDirectory C:\Users\Jannesh Rao\Eclipse-MavenSpring\Spring_Container\src\main\resources
2024-03-10 13:29:41,639 [Worker-34: Building] INFO  o.a.m.s.f.DefaultMavenResourcesFiltering - skip non existing resourceDirectory C:\Users\Jannesh Rao\Eclipse-MavenSpring\Spring_Container\src\test\resources
2024-03-10 13:32:29,722 [Worker-34: Building] INFO  o.a.m.s.f.DefaultMavenResourcesFiltering - skip non existing resourceDirectory C:\Users\Jannesh Rao\Eclipse-MavenSpring\Spring_Container\src\main\resources
2024-03-10 13:32:30,117 [Worker-34: Building] INFO  o.a.m.s.f.DefaultMavenResourcesFiltering - skip non existing resourceDirectory C:\Users\Jannesh Rao\Eclipse-MavenSpring\Spring_Container\src\test\resources
2024-03-10 13:40:04,831 [Worker-37: Building] INFO  o.a.m.s.f.DefaultMavenResourcesFiltering - skip non existing resourceDirectory C:\Users\Jannesh Rao\Eclipse-MavenSpring\Spring_Container\src\main\resources
2024-03-10 13:40:04,862 [Worker-37: Building] INFO  o.a.m.s.f.DefaultMavenResourcesFiltering - skip non existing resourceDirectory C:\Users\Jannesh Rao\Eclipse-MavenSpring\Spring_Container\src\test\resources
2024-03-10 13:40:37,634 [Worker-39: Building] INFO  o.a.m.s.f.DefaultMavenResourcesFiltering - skip non existing resourceDirectory C:\Users\Jannesh Rao\Eclipse-MavenSpring\Spring_Container\src\main\resources
2024-03-10 13:40:37,646 [Worker-39: Building] INFO  o.a.m.s.f.DefaultMavenResourcesFiltering - skip non existing resourceDirectory C:\Users\Jannesh Rao\Eclipse-MavenSpring\Spring_Container\src\test\resources
2024-03-10 13:41:00,885 [Worker-40: Building] INFO  o.a.m.s.f.DefaultMavenResourcesFiltering - skip non existing resourceDirectory C:\Users\Jannesh Rao\Eclipse-MavenSpring\Spring_Container\src\main\resources
2024-03-10 13:41:00,896 [Worker-40: Building] INFO  o.a.m.s.f.DefaultMavenResourcesFiltering - skip non existing resourceDirectory C:\Users\Jannesh Rao\Eclipse-MavenSpring\Spring_Container\src\test\resources
2024-03-10 13:41:55,730 [Worker-37: Building] INFO  o.a.m.s.f.DefaultMavenResourcesFiltering - skip non existing resourceDirectory C:\Users\Jannesh Rao\Eclipse-MavenSpring\Spring_Container\src\main\resources
2024-03-10 13:41:55,739 [Worker-37: Building] INFO  o.a.m.s.f.DefaultMavenResourcesFiltering - skip non existing resourceDirectory C:\Users\Jannesh Rao\Eclipse-MavenSpring\Spring_Container\src\test\resources
2024-03-10 13:43:36,577 [Worker-39: Building] INFO  o.a.m.s.f.DefaultMavenResourcesFiltering - skip non existing resourceDirectory C:\Users\Jannesh Rao\Eclipse-MavenSpring\Spring_Container\src\main\resources
2024-03-10 13:43:36,616 [Worker-39: Building] INFO  o.a.m.s.f.DefaultMavenResourcesFiltering - skip non existing resourceDirectory C:\Users\Jannesh Rao\Eclipse-MavenSpring\Spring_Container\src\test\resources
2024-03-10 13:44:17,057 [Worker-46: Building] INFO  o.e.m.c.i.l.LifecycleMappingFactory - Using org.eclipse.m2e.jdt.JarLifecycleMapping lifecycle mapping for MavenProject: com.jannesh:Spring:0.0.1-SNAPSHOT @ C:\Users\Jannesh Rao\Eclipse-MavenSpring\Spring_Setter_Injection\pom.xml.
2024-03-10 13:44:17,443 [Worker-46: Building] INFO  o.a.m.s.f.DefaultMavenResourcesFiltering - skip non existing resourceDirectory C:\Users\Jannesh Rao\Eclipse-MavenSpring\Spring_Setter_Injection\src\main\resources
2024-03-10 13:44:17,457 [Worker-46: Building] INFO  o.a.m.s.f.DefaultMavenResourcesFiltering - skip non existing resourceDirectory C:\Users\Jannesh Rao\Eclipse-MavenSpring\Spring_Setter_Injection\src\test\resources
2024-03-10 13:44:26,754 [Worker-46: Building] INFO  o.a.m.s.f.DefaultMavenResourcesFiltering - skip non existing resourceDirectory C:\Users\Jannesh Rao\Eclipse-MavenSpring\Spring_Setter_Injection\src\main\resources
2024-03-10 13:44:26,759 [Worker-46: Building] INFO  o.a.m.s.f.DefaultMavenResourcesFiltering - skip non existing resourceDirectory C:\Users\Jannesh Rao\Eclipse-MavenSpring\Spring_Setter_Injection\src\test\resources
2024-03-10 13:44:39,922 [Worker-47: Building] INFO  o.a.m.s.f.DefaultMavenResourcesFiltering - skip non existing resourceDirectory C:\Users\Jannesh Rao\Eclipse-MavenSpring\Spring_Setter_Injection\src\main\resources
2024-03-10 13:44:39,932 [Worker-47: Building] INFO  o.a.m.s.f.DefaultMavenResourcesFiltering - skip non existing resourceDirectory C:\Users\Jannesh Rao\Eclipse-MavenSpring\Spring_Setter_Injection\src\test\resources
2024-03-10 13:44:51,336 [Worker-45: Building] INFO  o.a.m.s.f.DefaultMavenResourcesFiltering - skip non existing resourceDirectory C:\Users\Jannesh Rao\Eclipse-MavenSpring\Spring_Setter_Injection\src\main\resources
2024-03-10 13:44:51,345 [Worker-45: Building] INFO  o.a.m.s.f.DefaultMavenResourcesFiltering - skip non existing resourceDirectory C:\Users\Jannesh Rao\Eclipse-MavenSpring\Spring_Setter_Injection\src\test\resources
2024-03-10 13:45:00,530 [Worker-41: Building] INFO  o.a.m.s.f.DefaultMavenResourcesFiltering - skip non existing resourceDirectory C:\Users\Jannesh Rao\Eclipse-MavenSpring\Spring_Setter_Injection\src\main\resources
2024-03-10 13:45:00,537 [Worker-41: Building] INFO  o.a.m.s.f.DefaultMavenResourcesFiltering - skip non existing resourceDirectory C:\Users\Jannesh Rao\Eclipse-MavenSpring\Spring_Setter_Injection\src\test\resources
2024-03-10 13:45:19,264 [Worker-41: Building] INFO  o.a.m.s.f.DefaultMavenResourcesFiltering - skip non existing resourceDirectory C:\Users\Jannesh Rao\Eclipse-MavenSpring\Spring_Setter_Injection\src\main\resources
2024-03-10 13:45:19,281 [Worker-41: Building] INFO  o.a.m.s.f.DefaultMavenResourcesFiltering - skip non existing resourceDirectory C:\Users\Jannesh Rao\Eclipse-MavenSpring\Spring_Setter_Injection\src\test\resources
2024-03-10 13:47:54,947 [Worker-37: Building] INFO  o.a.m.s.f.DefaultMavenResourcesFiltering - skip non existing resourceDirectory C:\Users\Jannesh Rao\Eclipse-MavenSpring\Spring_Setter_Injection\src\main\resources
2024-03-10 13:47:54,978 [Worker-37: Building] INFO  o.a.m.s.f.DefaultMavenResourcesFiltering - skip non existing resourceDirectory C:\Users\Jannesh Rao\Eclipse-MavenSpring\Spring_Setter_Injection\src\test\resources
2024-03-10 13:51:12,064 [Worker-50: Building] INFO  o.e.m.c.i.l.LifecycleMappingFactory - Using org.eclipse.m2e.jdt.JarLifecycleMapping lifecycle mapping for MavenProject: com.jannesh:Spring:0.0.1-SNAPSHOT @ C:\Users\Jannesh Rao\Eclipse-MavenSpring\Spring_Setter_Injection_Ref_Attribute\pom.xml.
2024-03-10 13:51:12,653 [Worker-50: Building] INFO  o.a.m.s.f.DefaultMavenResourcesFiltering - skip non existing resourceDirectory C:\Users\Jannesh Rao\Eclipse-MavenSpring\Spring_Setter_Injection_Ref_Attribute\src\main\resources
2024-03-10 13:51:12,662 [Worker-50: Building] INFO  o.a.m.s.f.DefaultMavenResourcesFiltering - skip non existing resourceDirectory C:\Users\Jannesh Rao\Eclipse-MavenSpring\Spring_Setter_Injection_Ref_Attribute\src\test\resources
2024-03-10 13:55:58,671 [Worker-55: Building] INFO  o.a.m.s.f.DefaultMavenResourcesFiltering - skip non existing resourceDirectory C:\Users\Jannesh Rao\Eclipse-MavenSpring\Spring_Setter_Injection_Ref_Attribute\src\main\resources
2024-03-10 13:55:58,723 [Worker-55: Building] INFO  o.a.m.s.f.DefaultMavenResourcesFiltering - skip non existing resourceDirectory C:\Users\Jannesh Rao\Eclipse-MavenSpring\Spring_Setter_Injection_Ref_Attribute\src\test\resources
2024-03-10 13:56:07,890 [Worker-54: Building] INFO  o.a.m.s.f.DefaultMavenResourcesFiltering - skip non existing resourceDirectory C:\Users\Jannesh Rao\Eclipse-MavenSpring\Spring_Setter_Injection_Ref_Attribute\src\main\resources
2024-03-10 13:56:07,896 [Worker-54: Building] INFO  o.a.m.s.f.DefaultMavenResourcesFiltering - skip non existing resourceDirectory C:\Users\Jannesh Rao\Eclipse-MavenSpring\Spring_Setter_Injection_Ref_Attribute\src\test\resources
2024-03-10 13:56:25,889 [Worker-58: Building] INFO  o.a.m.s.f.DefaultMavenResourcesFiltering - skip non existing resourceDirectory C:\Users\Jannesh Rao\Eclipse-MavenSpring\Spring_Setter_Injection_Ref_Attribute\src\main\resources
2024-03-10 13:56:25,896 [Worker-58: Building] INFO  o.a.m.s.f.DefaultMavenResourcesFiltering - skip non existing resourceDirectory C:\Users\Jannesh Rao\Eclipse-MavenSpring\Spring_Setter_Injection_Ref_Attribute\src\test\resources
2024-03-10 13:57:16,799 [Worker-58: Building] INFO  o.a.m.s.f.DefaultMavenResourcesFiltering - skip non existing resourceDirectory C:\Users\Jannesh Rao\Eclipse-MavenSpring\Spring_Setter_Injection_Ref_Attribute\src\main\resources
2024-03-10 13:57:16,913 [Worker-58: Building] INFO  o.a.m.s.f.DefaultMavenResourcesFiltering - skip non existing resourceDirectory C:\Users\Jannesh Rao\Eclipse-MavenSpring\Spring_Setter_Injection_Ref_Attribute\src\test\resources
2024-03-10 13:57:33,869 [Worker-54: Building] INFO  o.a.m.s.f.DefaultMavenResourcesFiltering - skip non existing resourceDirectory C:\Users\Jannesh Rao\Eclipse-MavenSpring\Spring_Setter_Injection_Ref_Attribute\src\main\resources
2024-03-10 13:57:33,874 [Worker-54: Building] INFO  o.a.m.s.f.DefaultMavenResourcesFiltering - skip non existing resourceDirectory C:\Users\Jannesh Rao\Eclipse-MavenSpring\Spring_Setter_Injection_Ref_Attribute\src\test\resources
2024-03-10 13:58:38,554 [Worker-54: Building] INFO  o.a.m.s.f.DefaultMavenResourcesFiltering - skip non existing resourceDirectory C:\Users\Jannesh Rao\Eclipse-MavenSpring\Spring_Setter_Injection_Ref_Attribute\src\main\resources
2024-03-10 13:58:38,583 [Worker-54: Building] INFO  o.a.m.s.f.DefaultMavenResourcesFiltering - skip non existing resourceDirectory C:\Users\Jannesh Rao\Eclipse-MavenSpring\Spring_Setter_Injection_Ref_Attribute\src\test\resources
2024-03-10 13:59:02,952 [Worker-55: Building] INFO  o.a.m.s.f.DefaultMavenResourcesFiltering - skip non existing resourceDirectory C:\Users\Jannesh Rao\Eclipse-MavenSpring\Spring_Setter_Injection_Ref_Attribute\src\main\resources
2024-03-10 13:59:02,961 [Worker-55: Building] INFO  o.a.m.s.f.DefaultMavenResourcesFiltering - skip non existing resourceDirectory C:\Users\Jannesh Rao\Eclipse-MavenSpring\Spring_Setter_Injection_Ref_Attribute\src\test\resources
